make  all-recursive
make[1]: Entering directory `/home/grueni/tmp/libxml2-2.9.2'
Making all in include
make[2]: Entering directory `/home/grueni/tmp/libxml2-2.9.2/include'
Making all in libxml
make[3]: Entering directory `/home/grueni/tmp/libxml2-2.9.2/include/libxml'
make[3]: Für das Ziel »all« ist nichts zu tun.
make[3]: Leaving directory `/home/grueni/tmp/libxml2-2.9.2/include/libxml'
make[3]: Entering directory `/home/grueni/tmp/libxml2-2.9.2/include'
make[3]: Für das Ziel »all-am« ist nichts zu tun.
make[3]: Leaving directory `/home/grueni/tmp/libxml2-2.9.2/include'
make[2]: Leaving directory `/home/grueni/tmp/libxml2-2.9.2/include'
Making all in .
make[2]: Entering directory `/home/grueni/tmp/libxml2-2.9.2'
  CC       SAX.lo
  CC       entities.lo
  CC       encoding.lo
  CC       error.lo
  CC       parserInternals.lo
  CC       parser.lo
  CC       tree.lo
  CC       hash.lo
  CC       list.lo
  CC       xmlIO.lo
  CC       xmlmemory.lo
  CC       uri.lo
  CC       valid.lo
  CC       xlink.lo
  CC       HTMLparser.lo
  CC       HTMLtree.lo
  CC       debugXML.lo
  CC       xpath.lo
  CC       xpointer.lo
  CC       xinclude.lo
  CC       nanohttp.lo
  CC       nanoftp.lo
  CC       catalog.lo
  CC       globals.lo
  CC       threads.lo
  CC       c14n.lo
  CC       xmlstring.lo
  CC       buf.lo
  CC       xmlregexp.lo
  CC       xmlschemas.lo
  CC       xmlschemastypes.lo
  CC       xmlunicode.lo
  CC       xmlreader.lo
  CC       relaxng.lo
  CC       dict.lo
  CC       SAX2.lo
  CC       xmlwriter.lo
  CC       legacy.lo
  CC       chvalid.lo
  CC       pattern.lo
  CC       xmlsave.lo
  CC       xmlmodule.lo
  CC       schematron.lo
  CC       xzlib.lo
  CCLD     libxml2.la
  CC       testdso.lo
  CCLD     testdso.la
  CC       xmllint.o
  CCLD     xmllint
  CC       xmlcatalog.o
  CCLD     xmlcatalog
  CC       testSchemas.o
  CCLD     testSchemas
  CC       testRelax.o
  CCLD     testRelax
  CC       testSAX.o
  CCLD     testSAX
  CC       testHTML.o
  CCLD     testHTML
  CC       testXPath.o
  CCLD     testXPath
  CC       testURI.o
  CCLD     testURI
  CC       testThreads.o
  CCLD     testThreads
  CC       testC14N.o
  CCLD     testC14N
  CC       testAutomata.o
  CCLD     testAutomata
  CC       testRegexp.o
  CCLD     testRegexp
  CC       testReader.o
  CCLD     testReader
  CC       testapi.o
  CCLD     testapi
  CC       testModule.o
  CCLD     testModule
  CC       runtest.o
  CCLD     runtest
  CC       runsuite.o
  CCLD     runsuite
  CC       testchar.o
  CCLD     testchar
  CC       testdict.o
  CCLD     testdict
  CC       runxmlconf.o
  CCLD     runxmlconf
  CC       testrecurse.o
  CCLD     testrecurse
  CC       testlimits.o
  CCLD     testlimits
sed -e 's?\@XML_LIBDIR\@?-L/usr/local/lib64?g' \
    -e 's?\@XML_INCLUDEDIR\@?-I/usr/local/include/libxml2?g' \
    -e 's?\@VERSION\@?2.9.2?g' \
    -e 's?\@XML_LIBS\@?-lxml2 -lz   -lm ?g' \
       < ./xml2Conf.sh.in > xml2Conf.tmp \
&& mv xml2Conf.tmp xml2Conf.sh
make[2]: Leaving directory `/home/grueni/tmp/libxml2-2.9.2'
Making all in doc
make[2]: Entering directory `/home/grueni/tmp/libxml2-2.9.2/doc'
Making all in .
make[3]: Entering directory `/home/grueni/tmp/libxml2-2.9.2/doc'
make[3]: Für das Ziel »all-am« ist nichts zu tun.
make[3]: Leaving directory `/home/grueni/tmp/libxml2-2.9.2/doc'
Making all in devhelp
make[3]: Entering directory `/home/grueni/tmp/libxml2-2.9.2/doc/devhelp'
make[3]: Für das Ziel »all« ist nichts zu tun.
make[3]: Leaving directory `/home/grueni/tmp/libxml2-2.9.2/doc/devhelp'
Making all in examples
make[3]: Entering directory `/home/grueni/tmp/libxml2-2.9.2/doc/examples'
  CC       io1.o
  CCLD     io1
  CC       io2.o
  CCLD     io2
  CC       parse1.o
  CCLD     parse1
  CC       parse2.o
  CCLD     parse2
  CC       parse3.o
  CCLD     parse3
  CC       parse4.o
  CCLD     parse4
  CC       reader1.o
  CCLD     reader1
  CC       reader2.o
  CCLD     reader2
  CC       reader3.o
  CCLD     reader3
  CC       reader4.o
  CCLD     reader4
  CC       testWriter.o
  CCLD     testWriter
  CC       tree1.o
  CCLD     tree1
  CC       tree2.o
  CCLD     tree2
  CC       xpath1.o
  CCLD     xpath1
  CC       xpath2.o
  CCLD     xpath2
make[3]: Leaving directory `/home/grueni/tmp/libxml2-2.9.2/doc/examples'
make[2]: Leaving directory `/home/grueni/tmp/libxml2-2.9.2/doc'
Making all in example
make[2]: Entering directory `/home/grueni/tmp/libxml2-2.9.2/example'
  CC       gjobread.o
  CCLD     gjobread
make[2]: Leaving directory `/home/grueni/tmp/libxml2-2.9.2/example'
Making all in xstc
make[2]: Entering directory `/home/grueni/tmp/libxml2-2.9.2/xstc'
make[2]: Für das Ziel »all« ist nichts zu tun.
make[2]: Leaving directory `/home/grueni/tmp/libxml2-2.9.2/xstc'
Making all in python
make[2]: Entering directory `/home/grueni/tmp/libxml2-2.9.2/python'
make  all-recursive
make[3]: Entering directory `/home/grueni/tmp/libxml2-2.9.2/python'
Making all in .
make[4]: Entering directory `/home/grueni/tmp/libxml2-2.9.2/python'
  CC       libxml.lo
  CC       libxml2-py.lo
  CC       types.lo
  CCLD     libxml2mod.la
make[4]: Leaving directory `/home/grueni/tmp/libxml2-2.9.2/python'
Making all in tests
make[4]: Entering directory `/home/grueni/tmp/libxml2-2.9.2/python/tests'
make[4]: Für das Ziel »all« ist nichts zu tun.
make[4]: Leaving directory `/home/grueni/tmp/libxml2-2.9.2/python/tests'
make[3]: Leaving directory `/home/grueni/tmp/libxml2-2.9.2/python'
make[2]: Leaving directory `/home/grueni/tmp/libxml2-2.9.2/python'
make[1]: Leaving directory `/home/grueni/tmp/libxml2-2.9.2'
