/bin/sh ./libtool  --tag=CC   --mode=compile gcc -DHAVE_CONFIG_H -I.  -DPNG_CONFIGURE_LIBPNG   -g -O2 -MT libpng14_la-png.lo -MD -MP -MF .deps/libpng14_la-png.Tpo -c -o libpng14_la-png.lo `test -f 'png.c' || echo './'`png.c
mv -f .deps/libpng14_la-png.Tpo .deps/libpng14_la-png.Plo
/bin/sh ./libtool  --tag=CC   --mode=compile gcc -DHAVE_CONFIG_H -I.  -DPNG_CONFIGURE_LIBPNG   -g -O2 -MT libpng14_la-pngset.lo -MD -MP -MF .deps/libpng14_la-pngset.Tpo -c -o libpng14_la-pngset.lo `test -f 'pngset.c' || echo './'`pngset.c
mv -f .deps/libpng14_la-pngset.Tpo .deps/libpng14_la-pngset.Plo
/bin/sh ./libtool  --tag=CC   --mode=compile gcc -DHAVE_CONFIG_H -I.  -DPNG_CONFIGURE_LIBPNG   -g -O2 -MT libpng14_la-pngget.lo -MD -MP -MF .deps/libpng14_la-pngget.Tpo -c -o libpng14_la-pngget.lo `test -f 'pngget.c' || echo './'`pngget.c
mv -f .deps/libpng14_la-pngget.Tpo .deps/libpng14_la-pngget.Plo
/bin/sh ./libtool  --tag=CC   --mode=compile gcc -DHAVE_CONFIG_H -I.  -DPNG_CONFIGURE_LIBPNG   -g -O2 -MT libpng14_la-pngrutil.lo -MD -MP -MF .deps/libpng14_la-pngrutil.Tpo -c -o libpng14_la-pngrutil.lo `test -f 'pngrutil.c' || echo './'`pngrutil.c
mv -f .deps/libpng14_la-pngrutil.Tpo .deps/libpng14_la-pngrutil.Plo
/bin/sh ./libtool  --tag=CC   --mode=compile gcc -DHAVE_CONFIG_H -I.  -DPNG_CONFIGURE_LIBPNG   -g -O2 -MT libpng14_la-pngtrans.lo -MD -MP -MF .deps/libpng14_la-pngtrans.Tpo -c -o libpng14_la-pngtrans.lo `test -f 'pngtrans.c' || echo './'`pngtrans.c
mv -f .deps/libpng14_la-pngtrans.Tpo .deps/libpng14_la-pngtrans.Plo
/bin/sh ./libtool  --tag=CC   --mode=compile gcc -DHAVE_CONFIG_H -I.  -DPNG_CONFIGURE_LIBPNG   -g -O2 -MT libpng14_la-pngwutil.lo -MD -MP -MF .deps/libpng14_la-pngwutil.Tpo -c -o libpng14_la-pngwutil.lo `test -f 'pngwutil.c' || echo './'`pngwutil.c
mv -f .deps/libpng14_la-pngwutil.Tpo .deps/libpng14_la-pngwutil.Plo
/bin/sh ./libtool  --tag=CC   --mode=compile gcc -DHAVE_CONFIG_H -I.  -DPNG_CONFIGURE_LIBPNG   -g -O2 -MT libpng14_la-pngread.lo -MD -MP -MF .deps/libpng14_la-pngread.Tpo -c -o libpng14_la-pngread.lo `test -f 'pngread.c' || echo './'`pngread.c
mv -f .deps/libpng14_la-pngread.Tpo .deps/libpng14_la-pngread.Plo
/bin/sh ./libtool  --tag=CC   --mode=compile gcc -DHAVE_CONFIG_H -I.  -DPNG_CONFIGURE_LIBPNG   -g -O2 -MT libpng14_la-pngrio.lo -MD -MP -MF .deps/libpng14_la-pngrio.Tpo -c -o libpng14_la-pngrio.lo `test -f 'pngrio.c' || echo './'`pngrio.c
mv -f .deps/libpng14_la-pngrio.Tpo .deps/libpng14_la-pngrio.Plo
/bin/sh ./libtool  --tag=CC   --mode=compile gcc -DHAVE_CONFIG_H -I.  -DPNG_CONFIGURE_LIBPNG   -g -O2 -MT libpng14_la-pngwio.lo -MD -MP -MF .deps/libpng14_la-pngwio.Tpo -c -o libpng14_la-pngwio.lo `test -f 'pngwio.c' || echo './'`pngwio.c
mv -f .deps/libpng14_la-pngwio.Tpo .deps/libpng14_la-pngwio.Plo
/bin/sh ./libtool  --tag=CC   --mode=compile gcc -DHAVE_CONFIG_H -I.  -DPNG_CONFIGURE_LIBPNG   -g -O2 -MT libpng14_la-pngwrite.lo -MD -MP -MF .deps/libpng14_la-pngwrite.Tpo -c -o libpng14_la-pngwrite.lo `test -f 'pngwrite.c' || echo './'`pngwrite.c
mv -f .deps/libpng14_la-pngwrite.Tpo .deps/libpng14_la-pngwrite.Plo
/bin/sh ./libtool  --tag=CC   --mode=compile gcc -DHAVE_CONFIG_H -I.  -DPNG_CONFIGURE_LIBPNG   -g -O2 -MT libpng14_la-pngrtran.lo -MD -MP -MF .deps/libpng14_la-pngrtran.Tpo -c -o libpng14_la-pngrtran.lo `test -f 'pngrtran.c' || echo './'`pngrtran.c
mv -f .deps/libpng14_la-pngrtran.Tpo .deps/libpng14_la-pngrtran.Plo
/bin/sh ./libtool  --tag=CC   --mode=compile gcc -DHAVE_CONFIG_H -I.  -DPNG_CONFIGURE_LIBPNG   -g -O2 -MT libpng14_la-pngwtran.lo -MD -MP -MF .deps/libpng14_la-pngwtran.Tpo -c -o libpng14_la-pngwtran.lo `test -f 'pngwtran.c' || echo './'`pngwtran.c
mv -f .deps/libpng14_la-pngwtran.Tpo .deps/libpng14_la-pngwtran.Plo
/bin/sh ./libtool  --tag=CC   --mode=compile gcc -DHAVE_CONFIG_H -I.  -DPNG_CONFIGURE_LIBPNG   -g -O2 -MT libpng14_la-pngmem.lo -MD -MP -MF .deps/libpng14_la-pngmem.Tpo -c -o libpng14_la-pngmem.lo `test -f 'pngmem.c' || echo './'`pngmem.c
mv -f .deps/libpng14_la-pngmem.Tpo .deps/libpng14_la-pngmem.Plo
/bin/sh ./libtool  --tag=CC   --mode=compile gcc -DHAVE_CONFIG_H -I.  -DPNG_CONFIGURE_LIBPNG   -g -O2 -MT libpng14_la-pngerror.lo -MD -MP -MF .deps/libpng14_la-pngerror.Tpo -c -o libpng14_la-pngerror.lo `test -f 'pngerror.c' || echo './'`pngerror.c
mv -f .deps/libpng14_la-pngerror.Tpo .deps/libpng14_la-pngerror.Plo
/bin/sh ./libtool  --tag=CC   --mode=compile gcc -DHAVE_CONFIG_H -I.  -DPNG_CONFIGURE_LIBPNG   -g -O2 -MT libpng14_la-pngpread.lo -MD -MP -MF .deps/libpng14_la-pngpread.Tpo -c -o libpng14_la-pngpread.lo `test -f 'pngpread.c' || echo './'`pngpread.c
mv -f .deps/libpng14_la-pngpread.Tpo .deps/libpng14_la-pngpread.Plo
rm -f libpng.sym libpng.sym.new
gcc -E -DPNG_CONFIGURE_LIBPNG  -DPNG_BUILDSYMS ./png.h | \
		/usr/bin/sed -n -e \
		's|^.*PNG_FUNCTION_EXPORT[ 	]*\(['_abcdefghijklmnopqrstuvwxyzABCDEFGHIJKLMNOPQRSTUVWXYZ0123456789']*\).*$|\1|p' \
		-e 's|^.*PNG_DATA_EXPORT[ 	]*\(['_abcdefghijklmnopqrstuvwxyzABCDEFGHIJKLMNOPQRSTUVWXYZ0123456789']*\).*$|\1|p' \
			>libpng.sym.new
mv libpng.sym.new libpng.sym
rm -f libpng.vers libpng.vers.new
echo PNG14_0 '{global:' > libpng.vers.new
/usr/bin/sed s/$/\;/ libpng.sym >> libpng.vers.new
echo 'local: *; };' >> libpng.vers.new
mv libpng.vers.new libpng.vers
/bin/sh ./libtool --tag=CC   --mode=link gcc  -g -O2 -no-undefined -export-dynamic -version-number 14:4:0 -Wl,--version-script=libpng.vers   -o libpng14.la -rpath /usr/local/lib libpng14_la-png.lo libpng14_la-pngset.lo libpng14_la-pngget.lo libpng14_la-pngrutil.lo libpng14_la-pngtrans.lo libpng14_la-pngwutil.lo libpng14_la-pngread.lo libpng14_la-pngrio.lo libpng14_la-pngwio.lo libpng14_la-pngwrite.lo libpng14_la-pngrtran.lo libpng14_la-pngwtran.lo libpng14_la-pngmem.lo libpng14_la-pngerror.lo libpng14_la-pngpread.lo  -lz -lm 
