fail=; \
if (target_option=k; case ${target_option-} in ?) ;; *) echo "am__make_running_with_option: internal error: invalid" "target option '${target_option-}' specified" >&2; exit 1;; esac; has_opt=no; sane_makeflags=$MAKEFLAGS; if { if test -z '0'; then false; elif test -n 'x86_64-pc-linux-gnu'; then true; elif test -n '4.1' && test -n '/home/grueni/Apps/GeoDiscoverer/Source/Platform/Target/Android/core/src/main/jni/curl-7.51.0'; then true; else false; fi; }; then sane_makeflags=$MFLAGS; else case $MAKEFLAGS in *\\[\ \	]*) bs=\\; sane_makeflags=`printf '%s\n' "$MAKEFLAGS" | sed "s/$bs$bs[$bs $bs	]*//g"`;; esac; fi; skip_next=no; strip_trailopt () { flg=`printf '%s\n' "$flg" | sed "s/$1.*$//"`; }; for flg in $sane_makeflags; do test $skip_next = yes && { skip_next=no; continue; }; case $flg in *=*|--*) continue;; -*I) strip_trailopt 'I'; skip_next=yes;; -*I?*) strip_trailopt 'I';; -*O) strip_trailopt 'O'; skip_next=yes;; -*O?*) strip_trailopt 'O';; -*l) strip_trailopt 'l'; skip_next=yes;; -*l?*) strip_trailopt 'l';; -[dEDm]) skip_next=yes;; -[JT]) skip_next=yes;; esac; case $flg in *$target_option*) has_opt=yes; break;; esac; done; test $has_opt = yes); then \
  failcom='fail=yes'; \
else \
  failcom='exit 1'; \
fi; \
dot_seen=no; \
target=`echo all-recursive | sed s/-recursive//`; \
case "all-recursive" in \
  distclean-* | maintainer-clean-*) list='lib src include tests packages docs scripts' ;; \
  *) list='lib src include' ;; \
esac; \
for subdir in $list; do \
  echo "Making $target in $subdir"; \
  if test "$subdir" = "."; then \
    dot_seen=yes; \
    local_target="$target-am"; \
  else \
    local_target="$target"; \
  fi; \
  (CDPATH="${ZSH_VERSION+.}:" && cd $subdir && make  $local_target) \
  || eval $failcom; \
done; \
if test "$dot_seen" = "no"; then \
  make  "$target-am" || exit 1; \
fi; test -z "$fail"
Making all in lib
make[1]: Verzeichnis „/home/grueni/Apps/GeoDiscoverer/Source/Platform/Target/Android/core/src/main/jni/curl-7.51.0/lib“ wird betreten
test -f curl_config.h || rm -f stamp-h1
test -f curl_config.h || make  stamp-h1
make  all-am
make[2]: Verzeichnis „/home/grueni/Apps/GeoDiscoverer/Source/Platform/Target/Android/core/src/main/jni/curl-7.51.0/lib“ wird betreten
test -f curl_config.h || rm -f stamp-h1
test -f curl_config.h || make  stamp-h1
echo "  CC      " libcurl_la-file.lo;/bin/bash ../libtool --silent --tag=CC   --mode=compile gcc -DHAVE_CONFIG_H   -I../include/curl -I../include -I../include -I../lib -I../lib  -DBUILDING_LIBCURL  -DCURL_HIDDEN_SYMBOLS   -fvisibility=hidden -m32 -O2 -Wno-system-headers -pthread  -MT libcurl_la-file.lo -MD -MP -MF .deps/libcurl_la-file.Tpo -c -o libcurl_la-file.lo `test -f 'file.c' || echo './'`file.c
mv -f .deps/libcurl_la-file.Tpo .deps/libcurl_la-file.Plo
echo "  CC      " libcurl_la-timeval.lo;/bin/bash ../libtool --silent --tag=CC   --mode=compile gcc -DHAVE_CONFIG_H   -I../include/curl -I../include -I../include -I../lib -I../lib  -DBUILDING_LIBCURL  -DCURL_HIDDEN_SYMBOLS   -fvisibility=hidden -m32 -O2 -Wno-system-headers -pthread  -MT libcurl_la-timeval.lo -MD -MP -MF .deps/libcurl_la-timeval.Tpo -c -o libcurl_la-timeval.lo `test -f 'timeval.c' || echo './'`timeval.c
mv -f .deps/libcurl_la-timeval.Tpo .deps/libcurl_la-timeval.Plo
echo "  CC      " libcurl_la-base64.lo;/bin/bash ../libtool --silent --tag=CC   --mode=compile gcc -DHAVE_CONFIG_H   -I../include/curl -I../include -I../include -I../lib -I../lib  -DBUILDING_LIBCURL  -DCURL_HIDDEN_SYMBOLS   -fvisibility=hidden -m32 -O2 -Wno-system-headers -pthread  -MT libcurl_la-base64.lo -MD -MP -MF .deps/libcurl_la-base64.Tpo -c -o libcurl_la-base64.lo `test -f 'base64.c' || echo './'`base64.c
mv -f .deps/libcurl_la-base64.Tpo .deps/libcurl_la-base64.Plo
echo "  CC      " libcurl_la-hostip.lo;/bin/bash ../libtool --silent --tag=CC   --mode=compile gcc -DHAVE_CONFIG_H   -I../include/curl -I../include -I../include -I../lib -I../lib  -DBUILDING_LIBCURL  -DCURL_HIDDEN_SYMBOLS   -fvisibility=hidden -m32 -O2 -Wno-system-headers -pthread  -MT libcurl_la-hostip.lo -MD -MP -MF .deps/libcurl_la-hostip.Tpo -c -o libcurl_la-hostip.lo `test -f 'hostip.c' || echo './'`hostip.c
mv -f .deps/libcurl_la-hostip.Tpo .deps/libcurl_la-hostip.Plo
echo "  CC      " libcurl_la-progress.lo;/bin/bash ../libtool --silent --tag=CC   --mode=compile gcc -DHAVE_CONFIG_H   -I../include/curl -I../include -I../include -I../lib -I../lib  -DBUILDING_LIBCURL  -DCURL_HIDDEN_SYMBOLS   -fvisibility=hidden -m32 -O2 -Wno-system-headers -pthread  -MT libcurl_la-progress.lo -MD -MP -MF .deps/libcurl_la-progress.Tpo -c -o libcurl_la-progress.lo `test -f 'progress.c' || echo './'`progress.c
mv -f .deps/libcurl_la-progress.Tpo .deps/libcurl_la-progress.Plo
echo "  CC      " libcurl_la-formdata.lo;/bin/bash ../libtool --silent --tag=CC   --mode=compile gcc -DHAVE_CONFIG_H   -I../include/curl -I../include -I../include -I../lib -I../lib  -DBUILDING_LIBCURL  -DCURL_HIDDEN_SYMBOLS   -fvisibility=hidden -m32 -O2 -Wno-system-headers -pthread  -MT libcurl_la-formdata.lo -MD -MP -MF .deps/libcurl_la-formdata.Tpo -c -o libcurl_la-formdata.lo `test -f 'formdata.c' || echo './'`formdata.c
mv -f .deps/libcurl_la-formdata.Tpo .deps/libcurl_la-formdata.Plo
echo "  CC      " libcurl_la-cookie.lo;/bin/bash ../libtool --silent --tag=CC   --mode=compile gcc -DHAVE_CONFIG_H   -I../include/curl -I../include -I../include -I../lib -I../lib  -DBUILDING_LIBCURL  -DCURL_HIDDEN_SYMBOLS   -fvisibility=hidden -m32 -O2 -Wno-system-headers -pthread  -MT libcurl_la-cookie.lo -MD -MP -MF .deps/libcurl_la-cookie.Tpo -c -o libcurl_la-cookie.lo `test -f 'cookie.c' || echo './'`cookie.c
mv -f .deps/libcurl_la-cookie.Tpo .deps/libcurl_la-cookie.Plo
echo "  CC      " libcurl_la-http.lo;/bin/bash ../libtool --silent --tag=CC   --mode=compile gcc -DHAVE_CONFIG_H   -I../include/curl -I../include -I../include -I../lib -I../lib  -DBUILDING_LIBCURL  -DCURL_HIDDEN_SYMBOLS   -fvisibility=hidden -m32 -O2 -Wno-system-headers -pthread  -MT libcurl_la-http.lo -MD -MP -MF .deps/libcurl_la-http.Tpo -c -o libcurl_la-http.lo `test -f 'http.c' || echo './'`http.c
mv -f .deps/libcurl_la-http.Tpo .deps/libcurl_la-http.Plo
echo "  CC      " libcurl_la-sendf.lo;/bin/bash ../libtool --silent --tag=CC   --mode=compile gcc -DHAVE_CONFIG_H   -I../include/curl -I../include -I../include -I../lib -I../lib  -DBUILDING_LIBCURL  -DCURL_HIDDEN_SYMBOLS   -fvisibility=hidden -m32 -O2 -Wno-system-headers -pthread  -MT libcurl_la-sendf.lo -MD -MP -MF .deps/libcurl_la-sendf.Tpo -c -o libcurl_la-sendf.lo `test -f 'sendf.c' || echo './'`sendf.c
mv -f .deps/libcurl_la-sendf.Tpo .deps/libcurl_la-sendf.Plo
echo "  CC      " libcurl_la-ftp.lo;/bin/bash ../libtool --silent --tag=CC   --mode=compile gcc -DHAVE_CONFIG_H   -I../include/curl -I../include -I../include -I../lib -I../lib  -DBUILDING_LIBCURL  -DCURL_HIDDEN_SYMBOLS   -fvisibility=hidden -m32 -O2 -Wno-system-headers -pthread  -MT libcurl_la-ftp.lo -MD -MP -MF .deps/libcurl_la-ftp.Tpo -c -o libcurl_la-ftp.lo `test -f 'ftp.c' || echo './'`ftp.c
mv -f .deps/libcurl_la-ftp.Tpo .deps/libcurl_la-ftp.Plo
echo "  CC      " libcurl_la-url.lo;/bin/bash ../libtool --silent --tag=CC   --mode=compile gcc -DHAVE_CONFIG_H   -I../include/curl -I../include -I../include -I../lib -I../lib  -DBUILDING_LIBCURL  -DCURL_HIDDEN_SYMBOLS   -fvisibility=hidden -m32 -O2 -Wno-system-headers -pthread  -MT libcurl_la-url.lo -MD -MP -MF .deps/libcurl_la-url.Tpo -c -o libcurl_la-url.lo `test -f 'url.c' || echo './'`url.c
mv -f .deps/libcurl_la-url.Tpo .deps/libcurl_la-url.Plo
echo "  CC      " libcurl_la-dict.lo;/bin/bash ../libtool --silent --tag=CC   --mode=compile gcc -DHAVE_CONFIG_H   -I../include/curl -I../include -I../include -I../lib -I../lib  -DBUILDING_LIBCURL  -DCURL_HIDDEN_SYMBOLS   -fvisibility=hidden -m32 -O2 -Wno-system-headers -pthread  -MT libcurl_la-dict.lo -MD -MP -MF .deps/libcurl_la-dict.Tpo -c -o libcurl_la-dict.lo `test -f 'dict.c' || echo './'`dict.c
mv -f .deps/libcurl_la-dict.Tpo .deps/libcurl_la-dict.Plo
echo "  CC      " libcurl_la-if2ip.lo;/bin/bash ../libtool --silent --tag=CC   --mode=compile gcc -DHAVE_CONFIG_H   -I../include/curl -I../include -I../include -I../lib -I../lib  -DBUILDING_LIBCURL  -DCURL_HIDDEN_SYMBOLS   -fvisibility=hidden -m32 -O2 -Wno-system-headers -pthread  -MT libcurl_la-if2ip.lo -MD -MP -MF .deps/libcurl_la-if2ip.Tpo -c -o libcurl_la-if2ip.lo `test -f 'if2ip.c' || echo './'`if2ip.c
mv -f .deps/libcurl_la-if2ip.Tpo .deps/libcurl_la-if2ip.Plo
echo "  CC      " libcurl_la-speedcheck.lo;/bin/bash ../libtool --silent --tag=CC   --mode=compile gcc -DHAVE_CONFIG_H   -I../include/curl -I../include -I../include -I../lib -I../lib  -DBUILDING_LIBCURL  -DCURL_HIDDEN_SYMBOLS   -fvisibility=hidden -m32 -O2 -Wno-system-headers -pthread  -MT libcurl_la-speedcheck.lo -MD -MP -MF .deps/libcurl_la-speedcheck.Tpo -c -o libcurl_la-speedcheck.lo `test -f 'speedcheck.c' || echo './'`speedcheck.c
mv -f .deps/libcurl_la-speedcheck.Tpo .deps/libcurl_la-speedcheck.Plo
echo "  CC      " libcurl_la-ldap.lo;/bin/bash ../libtool --silent --tag=CC   --mode=compile gcc -DHAVE_CONFIG_H   -I../include/curl -I../include -I../include -I../lib -I../lib  -DBUILDING_LIBCURL  -DCURL_HIDDEN_SYMBOLS   -fvisibility=hidden -m32 -O2 -Wno-system-headers -pthread  -MT libcurl_la-ldap.lo -MD -MP -MF .deps/libcurl_la-ldap.Tpo -c -o libcurl_la-ldap.lo `test -f 'ldap.c' || echo './'`ldap.c
mv -f .deps/libcurl_la-ldap.Tpo .deps/libcurl_la-ldap.Plo
echo "  CC      " libcurl_la-version.lo;/bin/bash ../libtool --silent --tag=CC   --mode=compile gcc -DHAVE_CONFIG_H   -I../include/curl -I../include -I../include -I../lib -I../lib  -DBUILDING_LIBCURL  -DCURL_HIDDEN_SYMBOLS   -fvisibility=hidden -m32 -O2 -Wno-system-headers -pthread  -MT libcurl_la-version.lo -MD -MP -MF .deps/libcurl_la-version.Tpo -c -o libcurl_la-version.lo `test -f 'version.c' || echo './'`version.c
mv -f .deps/libcurl_la-version.Tpo .deps/libcurl_la-version.Plo
echo "  CC      " libcurl_la-getenv.lo;/bin/bash ../libtool --silent --tag=CC   --mode=compile gcc -DHAVE_CONFIG_H   -I../include/curl -I../include -I../include -I../lib -I../lib  -DBUILDING_LIBCURL  -DCURL_HIDDEN_SYMBOLS   -fvisibility=hidden -m32 -O2 -Wno-system-headers -pthread  -MT libcurl_la-getenv.lo -MD -MP -MF .deps/libcurl_la-getenv.Tpo -c -o libcurl_la-getenv.lo `test -f 'getenv.c' || echo './'`getenv.c
mv -f .deps/libcurl_la-getenv.Tpo .deps/libcurl_la-getenv.Plo
echo "  CC      " libcurl_la-escape.lo;/bin/bash ../libtool --silent --tag=CC   --mode=compile gcc -DHAVE_CONFIG_H   -I../include/curl -I../include -I../include -I../lib -I../lib  -DBUILDING_LIBCURL  -DCURL_HIDDEN_SYMBOLS   -fvisibility=hidden -m32 -O2 -Wno-system-headers -pthread  -MT libcurl_la-escape.lo -MD -MP -MF .deps/libcurl_la-escape.Tpo -c -o libcurl_la-escape.lo `test -f 'escape.c' || echo './'`escape.c
mv -f .deps/libcurl_la-escape.Tpo .deps/libcurl_la-escape.Plo
echo "  CC      " libcurl_la-mprintf.lo;/bin/bash ../libtool --silent --tag=CC   --mode=compile gcc -DHAVE_CONFIG_H   -I../include/curl -I../include -I../include -I../lib -I../lib  -DBUILDING_LIBCURL  -DCURL_HIDDEN_SYMBOLS   -fvisibility=hidden -m32 -O2 -Wno-system-headers -pthread  -MT libcurl_la-mprintf.lo -MD -MP -MF .deps/libcurl_la-mprintf.Tpo -c -o libcurl_la-mprintf.lo `test -f 'mprintf.c' || echo './'`mprintf.c
mv -f .deps/libcurl_la-mprintf.Tpo .deps/libcurl_la-mprintf.Plo
echo "  CC      " libcurl_la-telnet.lo;/bin/bash ../libtool --silent --tag=CC   --mode=compile gcc -DHAVE_CONFIG_H   -I../include/curl -I../include -I../include -I../lib -I../lib  -DBUILDING_LIBCURL  -DCURL_HIDDEN_SYMBOLS   -fvisibility=hidden -m32 -O2 -Wno-system-headers -pthread  -MT libcurl_la-telnet.lo -MD -MP -MF .deps/libcurl_la-telnet.Tpo -c -o libcurl_la-telnet.lo `test -f 'telnet.c' || echo './'`telnet.c
mv -f .deps/libcurl_la-telnet.Tpo .deps/libcurl_la-telnet.Plo
echo "  CC      " libcurl_la-netrc.lo;/bin/bash ../libtool --silent --tag=CC   --mode=compile gcc -DHAVE_CONFIG_H   -I../include/curl -I../include -I../include -I../lib -I../lib  -DBUILDING_LIBCURL  -DCURL_HIDDEN_SYMBOLS   -fvisibility=hidden -m32 -O2 -Wno-system-headers -pthread  -MT libcurl_la-netrc.lo -MD -MP -MF .deps/libcurl_la-netrc.Tpo -c -o libcurl_la-netrc.lo `test -f 'netrc.c' || echo './'`netrc.c
mv -f .deps/libcurl_la-netrc.Tpo .deps/libcurl_la-netrc.Plo
echo "  CC      " libcurl_la-getinfo.lo;/bin/bash ../libtool --silent --tag=CC   --mode=compile gcc -DHAVE_CONFIG_H   -I../include/curl -I../include -I../include -I../lib -I../lib  -DBUILDING_LIBCURL  -DCURL_HIDDEN_SYMBOLS   -fvisibility=hidden -m32 -O2 -Wno-system-headers -pthread  -MT libcurl_la-getinfo.lo -MD -MP -MF .deps/libcurl_la-getinfo.Tpo -c -o libcurl_la-getinfo.lo `test -f 'getinfo.c' || echo './'`getinfo.c
mv -f .deps/libcurl_la-getinfo.Tpo .deps/libcurl_la-getinfo.Plo
echo "  CC      " libcurl_la-transfer.lo;/bin/bash ../libtool --silent --tag=CC   --mode=compile gcc -DHAVE_CONFIG_H   -I../include/curl -I../include -I../include -I../lib -I../lib  -DBUILDING_LIBCURL  -DCURL_HIDDEN_SYMBOLS   -fvisibility=hidden -m32 -O2 -Wno-system-headers -pthread  -MT libcurl_la-transfer.lo -MD -MP -MF .deps/libcurl_la-transfer.Tpo -c -o libcurl_la-transfer.lo `test -f 'transfer.c' || echo './'`transfer.c
mv -f .deps/libcurl_la-transfer.Tpo .deps/libcurl_la-transfer.Plo
echo "  CC      " libcurl_la-strcase.lo;/bin/bash ../libtool --silent --tag=CC   --mode=compile gcc -DHAVE_CONFIG_H   -I../include/curl -I../include -I../include -I../lib -I../lib  -DBUILDING_LIBCURL  -DCURL_HIDDEN_SYMBOLS   -fvisibility=hidden -m32 -O2 -Wno-system-headers -pthread  -MT libcurl_la-strcase.lo -MD -MP -MF .deps/libcurl_la-strcase.Tpo -c -o libcurl_la-strcase.lo `test -f 'strcase.c' || echo './'`strcase.c
mv -f .deps/libcurl_la-strcase.Tpo .deps/libcurl_la-strcase.Plo
echo "  CC      " libcurl_la-easy.lo;/bin/bash ../libtool --silent --tag=CC   --mode=compile gcc -DHAVE_CONFIG_H   -I../include/curl -I../include -I../include -I../lib -I../lib  -DBUILDING_LIBCURL  -DCURL_HIDDEN_SYMBOLS   -fvisibility=hidden -m32 -O2 -Wno-system-headers -pthread  -MT libcurl_la-easy.lo -MD -MP -MF .deps/libcurl_la-easy.Tpo -c -o libcurl_la-easy.lo `test -f 'easy.c' || echo './'`easy.c
mv -f .deps/libcurl_la-easy.Tpo .deps/libcurl_la-easy.Plo
echo "  CC      " libcurl_la-security.lo;/bin/bash ../libtool --silent --tag=CC   --mode=compile gcc -DHAVE_CONFIG_H   -I../include/curl -I../include -I../include -I../lib -I../lib  -DBUILDING_LIBCURL  -DCURL_HIDDEN_SYMBOLS   -fvisibility=hidden -m32 -O2 -Wno-system-headers -pthread  -MT libcurl_la-security.lo -MD -MP -MF .deps/libcurl_la-security.Tpo -c -o libcurl_la-security.lo `test -f 'security.c' || echo './'`security.c
mv -f .deps/libcurl_la-security.Tpo .deps/libcurl_la-security.Plo
echo "  CC      " libcurl_la-curl_fnmatch.lo;/bin/bash ../libtool --silent --tag=CC   --mode=compile gcc -DHAVE_CONFIG_H   -I../include/curl -I../include -I../include -I../lib -I../lib  -DBUILDING_LIBCURL  -DCURL_HIDDEN_SYMBOLS   -fvisibility=hidden -m32 -O2 -Wno-system-headers -pthread  -MT libcurl_la-curl_fnmatch.lo -MD -MP -MF .deps/libcurl_la-curl_fnmatch.Tpo -c -o libcurl_la-curl_fnmatch.lo `test -f 'curl_fnmatch.c' || echo './'`curl_fnmatch.c
mv -f .deps/libcurl_la-curl_fnmatch.Tpo .deps/libcurl_la-curl_fnmatch.Plo
echo "  CC      " libcurl_la-fileinfo.lo;/bin/bash ../libtool --silent --tag=CC   --mode=compile gcc -DHAVE_CONFIG_H   -I../include/curl -I../include -I../include -I../lib -I../lib  -DBUILDING_LIBCURL  -DCURL_HIDDEN_SYMBOLS   -fvisibility=hidden -m32 -O2 -Wno-system-headers -pthread  -MT libcurl_la-fileinfo.lo -MD -MP -MF .deps/libcurl_la-fileinfo.Tpo -c -o libcurl_la-fileinfo.lo `test -f 'fileinfo.c' || echo './'`fileinfo.c
mv -f .deps/libcurl_la-fileinfo.Tpo .deps/libcurl_la-fileinfo.Plo
echo "  CC      " libcurl_la-ftplistparser.lo;/bin/bash ../libtool --silent --tag=CC   --mode=compile gcc -DHAVE_CONFIG_H   -I../include/curl -I../include -I../include -I../lib -I../lib  -DBUILDING_LIBCURL  -DCURL_HIDDEN_SYMBOLS   -fvisibility=hidden -m32 -O2 -Wno-system-headers -pthread  -MT libcurl_la-ftplistparser.lo -MD -MP -MF .deps/libcurl_la-ftplistparser.Tpo -c -o libcurl_la-ftplistparser.lo `test -f 'ftplistparser.c' || echo './'`ftplistparser.c
mv -f .deps/libcurl_la-ftplistparser.Tpo .deps/libcurl_la-ftplistparser.Plo
echo "  CC      " libcurl_la-wildcard.lo;/bin/bash ../libtool --silent --tag=CC   --mode=compile gcc -DHAVE_CONFIG_H   -I../include/curl -I../include -I../include -I../lib -I../lib  -DBUILDING_LIBCURL  -DCURL_HIDDEN_SYMBOLS   -fvisibility=hidden -m32 -O2 -Wno-system-headers -pthread  -MT libcurl_la-wildcard.lo -MD -MP -MF .deps/libcurl_la-wildcard.Tpo -c -o libcurl_la-wildcard.lo `test -f 'wildcard.c' || echo './'`wildcard.c
mv -f .deps/libcurl_la-wildcard.Tpo .deps/libcurl_la-wildcard.Plo
echo "  CC      " libcurl_la-krb5.lo;/bin/bash ../libtool --silent --tag=CC   --mode=compile gcc -DHAVE_CONFIG_H   -I../include/curl -I../include -I../include -I../lib -I../lib  -DBUILDING_LIBCURL  -DCURL_HIDDEN_SYMBOLS   -fvisibility=hidden -m32 -O2 -Wno-system-headers -pthread  -MT libcurl_la-krb5.lo -MD -MP -MF .deps/libcurl_la-krb5.Tpo -c -o libcurl_la-krb5.lo `test -f 'krb5.c' || echo './'`krb5.c
mv -f .deps/libcurl_la-krb5.Tpo .deps/libcurl_la-krb5.Plo
echo "  CC      " libcurl_la-memdebug.lo;/bin/bash ../libtool --silent --tag=CC   --mode=compile gcc -DHAVE_CONFIG_H   -I../include/curl -I../include -I../include -I../lib -I../lib  -DBUILDING_LIBCURL  -DCURL_HIDDEN_SYMBOLS   -fvisibility=hidden -m32 -O2 -Wno-system-headers -pthread  -MT libcurl_la-memdebug.lo -MD -MP -MF .deps/libcurl_la-memdebug.Tpo -c -o libcurl_la-memdebug.lo `test -f 'memdebug.c' || echo './'`memdebug.c
mv -f .deps/libcurl_la-memdebug.Tpo .deps/libcurl_la-memdebug.Plo
echo "  CC      " libcurl_la-http_chunks.lo;/bin/bash ../libtool --silent --tag=CC   --mode=compile gcc -DHAVE_CONFIG_H   -I../include/curl -I../include -I../include -I../lib -I../lib  -DBUILDING_LIBCURL  -DCURL_HIDDEN_SYMBOLS   -fvisibility=hidden -m32 -O2 -Wno-system-headers -pthread  -MT libcurl_la-http_chunks.lo -MD -MP -MF .deps/libcurl_la-http_chunks.Tpo -c -o libcurl_la-http_chunks.lo `test -f 'http_chunks.c' || echo './'`http_chunks.c
mv -f .deps/libcurl_la-http_chunks.Tpo .deps/libcurl_la-http_chunks.Plo
echo "  CC      " libcurl_la-strtok.lo;/bin/bash ../libtool --silent --tag=CC   --mode=compile gcc -DHAVE_CONFIG_H   -I../include/curl -I../include -I../include -I../lib -I../lib  -DBUILDING_LIBCURL  -DCURL_HIDDEN_SYMBOLS   -fvisibility=hidden -m32 -O2 -Wno-system-headers -pthread  -MT libcurl_la-strtok.lo -MD -MP -MF .deps/libcurl_la-strtok.Tpo -c -o libcurl_la-strtok.lo `test -f 'strtok.c' || echo './'`strtok.c
mv -f .deps/libcurl_la-strtok.Tpo .deps/libcurl_la-strtok.Plo
echo "  CC      " libcurl_la-connect.lo;/bin/bash ../libtool --silent --tag=CC   --mode=compile gcc -DHAVE_CONFIG_H   -I../include/curl -I../include -I../include -I../lib -I../lib  -DBUILDING_LIBCURL  -DCURL_HIDDEN_SYMBOLS   -fvisibility=hidden -m32 -O2 -Wno-system-headers -pthread  -MT libcurl_la-connect.lo -MD -MP -MF .deps/libcurl_la-connect.Tpo -c -o libcurl_la-connect.lo `test -f 'connect.c' || echo './'`connect.c
mv -f .deps/libcurl_la-connect.Tpo .deps/libcurl_la-connect.Plo
echo "  CC      " libcurl_la-llist.lo;/bin/bash ../libtool --silent --tag=CC   --mode=compile gcc -DHAVE_CONFIG_H   -I../include/curl -I../include -I../include -I../lib -I../lib  -DBUILDING_LIBCURL  -DCURL_HIDDEN_SYMBOLS   -fvisibility=hidden -m32 -O2 -Wno-system-headers -pthread  -MT libcurl_la-llist.lo -MD -MP -MF .deps/libcurl_la-llist.Tpo -c -o libcurl_la-llist.lo `test -f 'llist.c' || echo './'`llist.c
mv -f .deps/libcurl_la-llist.Tpo .deps/libcurl_la-llist.Plo
echo "  CC      " libcurl_la-hash.lo;/bin/bash ../libtool --silent --tag=CC   --mode=compile gcc -DHAVE_CONFIG_H   -I../include/curl -I../include -I../include -I../lib -I../lib  -DBUILDING_LIBCURL  -DCURL_HIDDEN_SYMBOLS   -fvisibility=hidden -m32 -O2 -Wno-system-headers -pthread  -MT libcurl_la-hash.lo -MD -MP -MF .deps/libcurl_la-hash.Tpo -c -o libcurl_la-hash.lo `test -f 'hash.c' || echo './'`hash.c
mv -f .deps/libcurl_la-hash.Tpo .deps/libcurl_la-hash.Plo
echo "  CC      " libcurl_la-multi.lo;/bin/bash ../libtool --silent --tag=CC   --mode=compile gcc -DHAVE_CONFIG_H   -I../include/curl -I../include -I../include -I../lib -I../lib  -DBUILDING_LIBCURL  -DCURL_HIDDEN_SYMBOLS   -fvisibility=hidden -m32 -O2 -Wno-system-headers -pthread  -MT libcurl_la-multi.lo -MD -MP -MF .deps/libcurl_la-multi.Tpo -c -o libcurl_la-multi.lo `test -f 'multi.c' || echo './'`multi.c
mv -f .deps/libcurl_la-multi.Tpo .deps/libcurl_la-multi.Plo
echo "  CC      " libcurl_la-content_encoding.lo;/bin/bash ../libtool --silent --tag=CC   --mode=compile gcc -DHAVE_CONFIG_H   -I../include/curl -I../include -I../include -I../lib -I../lib  -DBUILDING_LIBCURL  -DCURL_HIDDEN_SYMBOLS   -fvisibility=hidden -m32 -O2 -Wno-system-headers -pthread  -MT libcurl_la-content_encoding.lo -MD -MP -MF .deps/libcurl_la-content_encoding.Tpo -c -o libcurl_la-content_encoding.lo `test -f 'content_encoding.c' || echo './'`content_encoding.c
mv -f .deps/libcurl_la-content_encoding.Tpo .deps/libcurl_la-content_encoding.Plo
echo "  CC      " libcurl_la-share.lo;/bin/bash ../libtool --silent --tag=CC   --mode=compile gcc -DHAVE_CONFIG_H   -I../include/curl -I../include -I../include -I../lib -I../lib  -DBUILDING_LIBCURL  -DCURL_HIDDEN_SYMBOLS   -fvisibility=hidden -m32 -O2 -Wno-system-headers -pthread  -MT libcurl_la-share.lo -MD -MP -MF .deps/libcurl_la-share.Tpo -c -o libcurl_la-share.lo `test -f 'share.c' || echo './'`share.c
mv -f .deps/libcurl_la-share.Tpo .deps/libcurl_la-share.Plo
echo "  CC      " libcurl_la-http_digest.lo;/bin/bash ../libtool --silent --tag=CC   --mode=compile gcc -DHAVE_CONFIG_H   -I../include/curl -I../include -I../include -I../lib -I../lib  -DBUILDING_LIBCURL  -DCURL_HIDDEN_SYMBOLS   -fvisibility=hidden -m32 -O2 -Wno-system-headers -pthread  -MT libcurl_la-http_digest.lo -MD -MP -MF .deps/libcurl_la-http_digest.Tpo -c -o libcurl_la-http_digest.lo `test -f 'http_digest.c' || echo './'`http_digest.c
mv -f .deps/libcurl_la-http_digest.Tpo .deps/libcurl_la-http_digest.Plo
echo "  CC      " libcurl_la-md4.lo;/bin/bash ../libtool --silent --tag=CC   --mode=compile gcc -DHAVE_CONFIG_H   -I../include/curl -I../include -I../include -I../lib -I../lib  -DBUILDING_LIBCURL  -DCURL_HIDDEN_SYMBOLS   -fvisibility=hidden -m32 -O2 -Wno-system-headers -pthread  -MT libcurl_la-md4.lo -MD -MP -MF .deps/libcurl_la-md4.Tpo -c -o libcurl_la-md4.lo `test -f 'md4.c' || echo './'`md4.c
mv -f .deps/libcurl_la-md4.Tpo .deps/libcurl_la-md4.Plo
echo "  CC      " libcurl_la-md5.lo;/bin/bash ../libtool --silent --tag=CC   --mode=compile gcc -DHAVE_CONFIG_H   -I../include/curl -I../include -I../include -I../lib -I../lib  -DBUILDING_LIBCURL  -DCURL_HIDDEN_SYMBOLS   -fvisibility=hidden -m32 -O2 -Wno-system-headers -pthread  -MT libcurl_la-md5.lo -MD -MP -MF .deps/libcurl_la-md5.Tpo -c -o libcurl_la-md5.lo `test -f 'md5.c' || echo './'`md5.c
mv -f .deps/libcurl_la-md5.Tpo .deps/libcurl_la-md5.Plo
echo "  CC      " libcurl_la-http_negotiate.lo;/bin/bash ../libtool --silent --tag=CC   --mode=compile gcc -DHAVE_CONFIG_H   -I../include/curl -I../include -I../include -I../lib -I../lib  -DBUILDING_LIBCURL  -DCURL_HIDDEN_SYMBOLS   -fvisibility=hidden -m32 -O2 -Wno-system-headers -pthread  -MT libcurl_la-http_negotiate.lo -MD -MP -MF .deps/libcurl_la-http_negotiate.Tpo -c -o libcurl_la-http_negotiate.lo `test -f 'http_negotiate.c' || echo './'`http_negotiate.c
mv -f .deps/libcurl_la-http_negotiate.Tpo .deps/libcurl_la-http_negotiate.Plo
echo "  CC      " libcurl_la-inet_pton.lo;/bin/bash ../libtool --silent --tag=CC   --mode=compile gcc -DHAVE_CONFIG_H   -I../include/curl -I../include -I../include -I../lib -I../lib  -DBUILDING_LIBCURL  -DCURL_HIDDEN_SYMBOLS   -fvisibility=hidden -m32 -O2 -Wno-system-headers -pthread  -MT libcurl_la-inet_pton.lo -MD -MP -MF .deps/libcurl_la-inet_pton.Tpo -c -o libcurl_la-inet_pton.lo `test -f 'inet_pton.c' || echo './'`inet_pton.c
mv -f .deps/libcurl_la-inet_pton.Tpo .deps/libcurl_la-inet_pton.Plo
echo "  CC      " libcurl_la-strtoofft.lo;/bin/bash ../libtool --silent --tag=CC   --mode=compile gcc -DHAVE_CONFIG_H   -I../include/curl -I../include -I../include -I../lib -I../lib  -DBUILDING_LIBCURL  -DCURL_HIDDEN_SYMBOLS   -fvisibility=hidden -m32 -O2 -Wno-system-headers -pthread  -MT libcurl_la-strtoofft.lo -MD -MP -MF .deps/libcurl_la-strtoofft.Tpo -c -o libcurl_la-strtoofft.lo `test -f 'strtoofft.c' || echo './'`strtoofft.c
mv -f .deps/libcurl_la-strtoofft.Tpo .deps/libcurl_la-strtoofft.Plo
echo "  CC      " libcurl_la-strerror.lo;/bin/bash ../libtool --silent --tag=CC   --mode=compile gcc -DHAVE_CONFIG_H   -I../include/curl -I../include -I../include -I../lib -I../lib  -DBUILDING_LIBCURL  -DCURL_HIDDEN_SYMBOLS   -fvisibility=hidden -m32 -O2 -Wno-system-headers -pthread  -MT libcurl_la-strerror.lo -MD -MP -MF .deps/libcurl_la-strerror.Tpo -c -o libcurl_la-strerror.lo `test -f 'strerror.c' || echo './'`strerror.c
mv -f .deps/libcurl_la-strerror.Tpo .deps/libcurl_la-strerror.Plo
echo "  CC      " libcurl_la-amigaos.lo;/bin/bash ../libtool --silent --tag=CC   --mode=compile gcc -DHAVE_CONFIG_H   -I../include/curl -I../include -I../include -I../lib -I../lib  -DBUILDING_LIBCURL  -DCURL_HIDDEN_SYMBOLS   -fvisibility=hidden -m32 -O2 -Wno-system-headers -pthread  -MT libcurl_la-amigaos.lo -MD -MP -MF .deps/libcurl_la-amigaos.Tpo -c -o libcurl_la-amigaos.lo `test -f 'amigaos.c' || echo './'`amigaos.c
mv -f .deps/libcurl_la-amigaos.Tpo .deps/libcurl_la-amigaos.Plo
echo "  CC      " libcurl_la-hostasyn.lo;/bin/bash ../libtool --silent --tag=CC   --mode=compile gcc -DHAVE_CONFIG_H   -I../include/curl -I../include -I../include -I../lib -I../lib  -DBUILDING_LIBCURL  -DCURL_HIDDEN_SYMBOLS   -fvisibility=hidden -m32 -O2 -Wno-system-headers -pthread  -MT libcurl_la-hostasyn.lo -MD -MP -MF .deps/libcurl_la-hostasyn.Tpo -c -o libcurl_la-hostasyn.lo `test -f 'hostasyn.c' || echo './'`hostasyn.c
mv -f .deps/libcurl_la-hostasyn.Tpo .deps/libcurl_la-hostasyn.Plo
echo "  CC      " libcurl_la-hostip4.lo;/bin/bash ../libtool --silent --tag=CC   --mode=compile gcc -DHAVE_CONFIG_H   -I../include/curl -I../include -I../include -I../lib -I../lib  -DBUILDING_LIBCURL  -DCURL_HIDDEN_SYMBOLS   -fvisibility=hidden -m32 -O2 -Wno-system-headers -pthread  -MT libcurl_la-hostip4.lo -MD -MP -MF .deps/libcurl_la-hostip4.Tpo -c -o libcurl_la-hostip4.lo `test -f 'hostip4.c' || echo './'`hostip4.c
mv -f .deps/libcurl_la-hostip4.Tpo .deps/libcurl_la-hostip4.Plo
echo "  CC      " libcurl_la-hostip6.lo;/bin/bash ../libtool --silent --tag=CC   --mode=compile gcc -DHAVE_CONFIG_H   -I../include/curl -I../include -I../include -I../lib -I../lib  -DBUILDING_LIBCURL  -DCURL_HIDDEN_SYMBOLS   -fvisibility=hidden -m32 -O2 -Wno-system-headers -pthread  -MT libcurl_la-hostip6.lo -MD -MP -MF .deps/libcurl_la-hostip6.Tpo -c -o libcurl_la-hostip6.lo `test -f 'hostip6.c' || echo './'`hostip6.c
mv -f .deps/libcurl_la-hostip6.Tpo .deps/libcurl_la-hostip6.Plo
echo "  CC      " libcurl_la-hostsyn.lo;/bin/bash ../libtool --silent --tag=CC   --mode=compile gcc -DHAVE_CONFIG_H   -I../include/curl -I../include -I../include -I../lib -I../lib  -DBUILDING_LIBCURL  -DCURL_HIDDEN_SYMBOLS   -fvisibility=hidden -m32 -O2 -Wno-system-headers -pthread  -MT libcurl_la-hostsyn.lo -MD -MP -MF .deps/libcurl_la-hostsyn.Tpo -c -o libcurl_la-hostsyn.lo `test -f 'hostsyn.c' || echo './'`hostsyn.c
mv -f .deps/libcurl_la-hostsyn.Tpo .deps/libcurl_la-hostsyn.Plo
echo "  CC      " libcurl_la-inet_ntop.lo;/bin/bash ../libtool --silent --tag=CC   --mode=compile gcc -DHAVE_CONFIG_H   -I../include/curl -I../include -I../include -I../lib -I../lib  -DBUILDING_LIBCURL  -DCURL_HIDDEN_SYMBOLS   -fvisibility=hidden -m32 -O2 -Wno-system-headers -pthread  -MT libcurl_la-inet_ntop.lo -MD -MP -MF .deps/libcurl_la-inet_ntop.Tpo -c -o libcurl_la-inet_ntop.lo `test -f 'inet_ntop.c' || echo './'`inet_ntop.c
mv -f .deps/libcurl_la-inet_ntop.Tpo .deps/libcurl_la-inet_ntop.Plo
echo "  CC      " libcurl_la-parsedate.lo;/bin/bash ../libtool --silent --tag=CC   --mode=compile gcc -DHAVE_CONFIG_H   -I../include/curl -I../include -I../include -I../lib -I../lib  -DBUILDING_LIBCURL  -DCURL_HIDDEN_SYMBOLS   -fvisibility=hidden -m32 -O2 -Wno-system-headers -pthread  -MT libcurl_la-parsedate.lo -MD -MP -MF .deps/libcurl_la-parsedate.Tpo -c -o libcurl_la-parsedate.lo `test -f 'parsedate.c' || echo './'`parsedate.c
mv -f .deps/libcurl_la-parsedate.Tpo .deps/libcurl_la-parsedate.Plo
echo "  CC      " libcurl_la-select.lo;/bin/bash ../libtool --silent --tag=CC   --mode=compile gcc -DHAVE_CONFIG_H   -I../include/curl -I../include -I../include -I../lib -I../lib  -DBUILDING_LIBCURL  -DCURL_HIDDEN_SYMBOLS   -fvisibility=hidden -m32 -O2 -Wno-system-headers -pthread  -MT libcurl_la-select.lo -MD -MP -MF .deps/libcurl_la-select.Tpo -c -o libcurl_la-select.lo `test -f 'select.c' || echo './'`select.c
mv -f .deps/libcurl_la-select.Tpo .deps/libcurl_la-select.Plo
echo "  CC      " libcurl_la-tftp.lo;/bin/bash ../libtool --silent --tag=CC   --mode=compile gcc -DHAVE_CONFIG_H   -I../include/curl -I../include -I../include -I../lib -I../lib  -DBUILDING_LIBCURL  -DCURL_HIDDEN_SYMBOLS   -fvisibility=hidden -m32 -O2 -Wno-system-headers -pthread  -MT libcurl_la-tftp.lo -MD -MP -MF .deps/libcurl_la-tftp.Tpo -c -o libcurl_la-tftp.lo `test -f 'tftp.c' || echo './'`tftp.c
mv -f .deps/libcurl_la-tftp.Tpo .deps/libcurl_la-tftp.Plo
echo "  CC      " libcurl_la-splay.lo;/bin/bash ../libtool --silent --tag=CC   --mode=compile gcc -DHAVE_CONFIG_H   -I../include/curl -I../include -I../include -I../lib -I../lib  -DBUILDING_LIBCURL  -DCURL_HIDDEN_SYMBOLS   -fvisibility=hidden -m32 -O2 -Wno-system-headers -pthread  -MT libcurl_la-splay.lo -MD -MP -MF .deps/libcurl_la-splay.Tpo -c -o libcurl_la-splay.lo `test -f 'splay.c' || echo './'`splay.c
mv -f .deps/libcurl_la-splay.Tpo .deps/libcurl_la-splay.Plo
echo "  CC      " libcurl_la-strdup.lo;/bin/bash ../libtool --silent --tag=CC   --mode=compile gcc -DHAVE_CONFIG_H   -I../include/curl -I../include -I../include -I../lib -I../lib  -DBUILDING_LIBCURL  -DCURL_HIDDEN_SYMBOLS   -fvisibility=hidden -m32 -O2 -Wno-system-headers -pthread  -MT libcurl_la-strdup.lo -MD -MP -MF .deps/libcurl_la-strdup.Tpo -c -o libcurl_la-strdup.lo `test -f 'strdup.c' || echo './'`strdup.c
mv -f .deps/libcurl_la-strdup.Tpo .deps/libcurl_la-strdup.Plo
echo "  CC      " libcurl_la-socks.lo;/bin/bash ../libtool --silent --tag=CC   --mode=compile gcc -DHAVE_CONFIG_H   -I../include/curl -I../include -I../include -I../lib -I../lib  -DBUILDING_LIBCURL  -DCURL_HIDDEN_SYMBOLS   -fvisibility=hidden -m32 -O2 -Wno-system-headers -pthread  -MT libcurl_la-socks.lo -MD -MP -MF .deps/libcurl_la-socks.Tpo -c -o libcurl_la-socks.lo `test -f 'socks.c' || echo './'`socks.c
mv -f .deps/libcurl_la-socks.Tpo .deps/libcurl_la-socks.Plo
echo "  CC      " libcurl_la-ssh.lo;/bin/bash ../libtool --silent --tag=CC   --mode=compile gcc -DHAVE_CONFIG_H   -I../include/curl -I../include -I../include -I../lib -I../lib  -DBUILDING_LIBCURL  -DCURL_HIDDEN_SYMBOLS   -fvisibility=hidden -m32 -O2 -Wno-system-headers -pthread  -MT libcurl_la-ssh.lo -MD -MP -MF .deps/libcurl_la-ssh.Tpo -c -o libcurl_la-ssh.lo `test -f 'ssh.c' || echo './'`ssh.c
mv -f .deps/libcurl_la-ssh.Tpo .deps/libcurl_la-ssh.Plo
echo "  CC      " libcurl_la-curl_addrinfo.lo;/bin/bash ../libtool --silent --tag=CC   --mode=compile gcc -DHAVE_CONFIG_H   -I../include/curl -I../include -I../include -I../lib -I../lib  -DBUILDING_LIBCURL  -DCURL_HIDDEN_SYMBOLS   -fvisibility=hidden -m32 -O2 -Wno-system-headers -pthread  -MT libcurl_la-curl_addrinfo.lo -MD -MP -MF .deps/libcurl_la-curl_addrinfo.Tpo -c -o libcurl_la-curl_addrinfo.lo `test -f 'curl_addrinfo.c' || echo './'`curl_addrinfo.c
mv -f .deps/libcurl_la-curl_addrinfo.Tpo .deps/libcurl_la-curl_addrinfo.Plo
echo "  CC      " libcurl_la-socks_gssapi.lo;/bin/bash ../libtool --silent --tag=CC   --mode=compile gcc -DHAVE_CONFIG_H   -I../include/curl -I../include -I../include -I../lib -I../lib  -DBUILDING_LIBCURL  -DCURL_HIDDEN_SYMBOLS   -fvisibility=hidden -m32 -O2 -Wno-system-headers -pthread  -MT libcurl_la-socks_gssapi.lo -MD -MP -MF .deps/libcurl_la-socks_gssapi.Tpo -c -o libcurl_la-socks_gssapi.lo `test -f 'socks_gssapi.c' || echo './'`socks_gssapi.c
mv -f .deps/libcurl_la-socks_gssapi.Tpo .deps/libcurl_la-socks_gssapi.Plo
echo "  CC      " libcurl_la-socks_sspi.lo;/bin/bash ../libtool --silent --tag=CC   --mode=compile gcc -DHAVE_CONFIG_H   -I../include/curl -I../include -I../include -I../lib -I../lib  -DBUILDING_LIBCURL  -DCURL_HIDDEN_SYMBOLS   -fvisibility=hidden -m32 -O2 -Wno-system-headers -pthread  -MT libcurl_la-socks_sspi.lo -MD -MP -MF .deps/libcurl_la-socks_sspi.Tpo -c -o libcurl_la-socks_sspi.lo `test -f 'socks_sspi.c' || echo './'`socks_sspi.c
mv -f .deps/libcurl_la-socks_sspi.Tpo .deps/libcurl_la-socks_sspi.Plo
echo "  CC      " libcurl_la-curl_sspi.lo;/bin/bash ../libtool --silent --tag=CC   --mode=compile gcc -DHAVE_CONFIG_H   -I../include/curl -I../include -I../include -I../lib -I../lib  -DBUILDING_LIBCURL  -DCURL_HIDDEN_SYMBOLS   -fvisibility=hidden -m32 -O2 -Wno-system-headers -pthread  -MT libcurl_la-curl_sspi.lo -MD -MP -MF .deps/libcurl_la-curl_sspi.Tpo -c -o libcurl_la-curl_sspi.lo `test -f 'curl_sspi.c' || echo './'`curl_sspi.c
mv -f .deps/libcurl_la-curl_sspi.Tpo .deps/libcurl_la-curl_sspi.Plo
echo "  CC      " libcurl_la-slist.lo;/bin/bash ../libtool --silent --tag=CC   --mode=compile gcc -DHAVE_CONFIG_H   -I../include/curl -I../include -I../include -I../lib -I../lib  -DBUILDING_LIBCURL  -DCURL_HIDDEN_SYMBOLS   -fvisibility=hidden -m32 -O2 -Wno-system-headers -pthread  -MT libcurl_la-slist.lo -MD -MP -MF .deps/libcurl_la-slist.Tpo -c -o libcurl_la-slist.lo `test -f 'slist.c' || echo './'`slist.c
mv -f .deps/libcurl_la-slist.Tpo .deps/libcurl_la-slist.Plo
echo "  CC      " libcurl_la-nonblock.lo;/bin/bash ../libtool --silent --tag=CC   --mode=compile gcc -DHAVE_CONFIG_H   -I../include/curl -I../include -I../include -I../lib -I../lib  -DBUILDING_LIBCURL  -DCURL_HIDDEN_SYMBOLS   -fvisibility=hidden -m32 -O2 -Wno-system-headers -pthread  -MT libcurl_la-nonblock.lo -MD -MP -MF .deps/libcurl_la-nonblock.Tpo -c -o libcurl_la-nonblock.lo `test -f 'nonblock.c' || echo './'`nonblock.c
mv -f .deps/libcurl_la-nonblock.Tpo .deps/libcurl_la-nonblock.Plo
echo "  CC      " libcurl_la-curl_memrchr.lo;/bin/bash ../libtool --silent --tag=CC   --mode=compile gcc -DHAVE_CONFIG_H   -I../include/curl -I../include -I../include -I../lib -I../lib  -DBUILDING_LIBCURL  -DCURL_HIDDEN_SYMBOLS   -fvisibility=hidden -m32 -O2 -Wno-system-headers -pthread  -MT libcurl_la-curl_memrchr.lo -MD -MP -MF .deps/libcurl_la-curl_memrchr.Tpo -c -o libcurl_la-curl_memrchr.lo `test -f 'curl_memrchr.c' || echo './'`curl_memrchr.c
mv -f .deps/libcurl_la-curl_memrchr.Tpo .deps/libcurl_la-curl_memrchr.Plo
echo "  CC      " libcurl_la-imap.lo;/bin/bash ../libtool --silent --tag=CC   --mode=compile gcc -DHAVE_CONFIG_H   -I../include/curl -I../include -I../include -I../lib -I../lib  -DBUILDING_LIBCURL  -DCURL_HIDDEN_SYMBOLS   -fvisibility=hidden -m32 -O2 -Wno-system-headers -pthread  -MT libcurl_la-imap.lo -MD -MP -MF .deps/libcurl_la-imap.Tpo -c -o libcurl_la-imap.lo `test -f 'imap.c' || echo './'`imap.c
mv -f .deps/libcurl_la-imap.Tpo .deps/libcurl_la-imap.Plo
echo "  CC      " libcurl_la-pop3.lo;/bin/bash ../libtool --silent --tag=CC   --mode=compile gcc -DHAVE_CONFIG_H   -I../include/curl -I../include -I../include -I../lib -I../lib  -DBUILDING_LIBCURL  -DCURL_HIDDEN_SYMBOLS   -fvisibility=hidden -m32 -O2 -Wno-system-headers -pthread  -MT libcurl_la-pop3.lo -MD -MP -MF .deps/libcurl_la-pop3.Tpo -c -o libcurl_la-pop3.lo `test -f 'pop3.c' || echo './'`pop3.c
mv -f .deps/libcurl_la-pop3.Tpo .deps/libcurl_la-pop3.Plo
echo "  CC      " libcurl_la-smtp.lo;/bin/bash ../libtool --silent --tag=CC   --mode=compile gcc -DHAVE_CONFIG_H   -I../include/curl -I../include -I../include -I../lib -I../lib  -DBUILDING_LIBCURL  -DCURL_HIDDEN_SYMBOLS   -fvisibility=hidden -m32 -O2 -Wno-system-headers -pthread  -MT libcurl_la-smtp.lo -MD -MP -MF .deps/libcurl_la-smtp.Tpo -c -o libcurl_la-smtp.lo `test -f 'smtp.c' || echo './'`smtp.c
mv -f .deps/libcurl_la-smtp.Tpo .deps/libcurl_la-smtp.Plo
echo "  CC      " libcurl_la-pingpong.lo;/bin/bash ../libtool --silent --tag=CC   --mode=compile gcc -DHAVE_CONFIG_H   -I../include/curl -I../include -I../include -I../lib -I../lib  -DBUILDING_LIBCURL  -DCURL_HIDDEN_SYMBOLS   -fvisibility=hidden -m32 -O2 -Wno-system-headers -pthread  -MT libcurl_la-pingpong.lo -MD -MP -MF .deps/libcurl_la-pingpong.Tpo -c -o libcurl_la-pingpong.lo `test -f 'pingpong.c' || echo './'`pingpong.c
mv -f .deps/libcurl_la-pingpong.Tpo .deps/libcurl_la-pingpong.Plo
echo "  CC      " libcurl_la-rtsp.lo;/bin/bash ../libtool --silent --tag=CC   --mode=compile gcc -DHAVE_CONFIG_H   -I../include/curl -I../include -I../include -I../lib -I../lib  -DBUILDING_LIBCURL  -DCURL_HIDDEN_SYMBOLS   -fvisibility=hidden -m32 -O2 -Wno-system-headers -pthread  -MT libcurl_la-rtsp.lo -MD -MP -MF .deps/libcurl_la-rtsp.Tpo -c -o libcurl_la-rtsp.lo `test -f 'rtsp.c' || echo './'`rtsp.c
mv -f .deps/libcurl_la-rtsp.Tpo .deps/libcurl_la-rtsp.Plo
echo "  CC      " libcurl_la-curl_threads.lo;/bin/bash ../libtool --silent --tag=CC   --mode=compile gcc -DHAVE_CONFIG_H   -I../include/curl -I../include -I../include -I../lib -I../lib  -DBUILDING_LIBCURL  -DCURL_HIDDEN_SYMBOLS   -fvisibility=hidden -m32 -O2 -Wno-system-headers -pthread  -MT libcurl_la-curl_threads.lo -MD -MP -MF .deps/libcurl_la-curl_threads.Tpo -c -o libcurl_la-curl_threads.lo `test -f 'curl_threads.c' || echo './'`curl_threads.c
mv -f .deps/libcurl_la-curl_threads.Tpo .deps/libcurl_la-curl_threads.Plo
echo "  CC      " libcurl_la-warnless.lo;/bin/bash ../libtool --silent --tag=CC   --mode=compile gcc -DHAVE_CONFIG_H   -I../include/curl -I../include -I../include -I../lib -I../lib  -DBUILDING_LIBCURL  -DCURL_HIDDEN_SYMBOLS   -fvisibility=hidden -m32 -O2 -Wno-system-headers -pthread  -MT libcurl_la-warnless.lo -MD -MP -MF .deps/libcurl_la-warnless.Tpo -c -o libcurl_la-warnless.lo `test -f 'warnless.c' || echo './'`warnless.c
mv -f .deps/libcurl_la-warnless.Tpo .deps/libcurl_la-warnless.Plo
echo "  CC      " libcurl_la-hmac.lo;/bin/bash ../libtool --silent --tag=CC   --mode=compile gcc -DHAVE_CONFIG_H   -I../include/curl -I../include -I../include -I../lib -I../lib  -DBUILDING_LIBCURL  -DCURL_HIDDEN_SYMBOLS   -fvisibility=hidden -m32 -O2 -Wno-system-headers -pthread  -MT libcurl_la-hmac.lo -MD -MP -MF .deps/libcurl_la-hmac.Tpo -c -o libcurl_la-hmac.lo `test -f 'hmac.c' || echo './'`hmac.c
mv -f .deps/libcurl_la-hmac.Tpo .deps/libcurl_la-hmac.Plo
echo "  CC      " libcurl_la-curl_rtmp.lo;/bin/bash ../libtool --silent --tag=CC   --mode=compile gcc -DHAVE_CONFIG_H   -I../include/curl -I../include -I../include -I../lib -I../lib  -DBUILDING_LIBCURL  -DCURL_HIDDEN_SYMBOLS   -fvisibility=hidden -m32 -O2 -Wno-system-headers -pthread  -MT libcurl_la-curl_rtmp.lo -MD -MP -MF .deps/libcurl_la-curl_rtmp.Tpo -c -o libcurl_la-curl_rtmp.lo `test -f 'curl_rtmp.c' || echo './'`curl_rtmp.c
mv -f .deps/libcurl_la-curl_rtmp.Tpo .deps/libcurl_la-curl_rtmp.Plo
echo "  CC      " libcurl_la-openldap.lo;/bin/bash ../libtool --silent --tag=CC   --mode=compile gcc -DHAVE_CONFIG_H   -I../include/curl -I../include -I../include -I../lib -I../lib  -DBUILDING_LIBCURL  -DCURL_HIDDEN_SYMBOLS   -fvisibility=hidden -m32 -O2 -Wno-system-headers -pthread  -MT libcurl_la-openldap.lo -MD -MP -MF .deps/libcurl_la-openldap.Tpo -c -o libcurl_la-openldap.lo `test -f 'openldap.c' || echo './'`openldap.c
mv -f .deps/libcurl_la-openldap.Tpo .deps/libcurl_la-openldap.Plo
echo "  CC      " libcurl_la-curl_gethostname.lo;/bin/bash ../libtool --silent --tag=CC   --mode=compile gcc -DHAVE_CONFIG_H   -I../include/curl -I../include -I../include -I../lib -I../lib  -DBUILDING_LIBCURL  -DCURL_HIDDEN_SYMBOLS   -fvisibility=hidden -m32 -O2 -Wno-system-headers -pthread  -MT libcurl_la-curl_gethostname.lo -MD -MP -MF .deps/libcurl_la-curl_gethostname.Tpo -c -o libcurl_la-curl_gethostname.lo `test -f 'curl_gethostname.c' || echo './'`curl_gethostname.c
mv -f .deps/libcurl_la-curl_gethostname.Tpo .deps/libcurl_la-curl_gethostname.Plo
echo "  CC      " libcurl_la-gopher.lo;/bin/bash ../libtool --silent --tag=CC   --mode=compile gcc -DHAVE_CONFIG_H   -I../include/curl -I../include -I../include -I../lib -I../lib  -DBUILDING_LIBCURL  -DCURL_HIDDEN_SYMBOLS   -fvisibility=hidden -m32 -O2 -Wno-system-headers -pthread  -MT libcurl_la-gopher.lo -MD -MP -MF .deps/libcurl_la-gopher.Tpo -c -o libcurl_la-gopher.lo `test -f 'gopher.c' || echo './'`gopher.c
mv -f .deps/libcurl_la-gopher.Tpo .deps/libcurl_la-gopher.Plo
echo "  CC      " libcurl_la-idn_win32.lo;/bin/bash ../libtool --silent --tag=CC   --mode=compile gcc -DHAVE_CONFIG_H   -I../include/curl -I../include -I../include -I../lib -I../lib  -DBUILDING_LIBCURL  -DCURL_HIDDEN_SYMBOLS   -fvisibility=hidden -m32 -O2 -Wno-system-headers -pthread  -MT libcurl_la-idn_win32.lo -MD -MP -MF .deps/libcurl_la-idn_win32.Tpo -c -o libcurl_la-idn_win32.lo `test -f 'idn_win32.c' || echo './'`idn_win32.c
mv -f .deps/libcurl_la-idn_win32.Tpo .deps/libcurl_la-idn_win32.Plo
echo "  CC      " libcurl_la-http_proxy.lo;/bin/bash ../libtool --silent --tag=CC   --mode=compile gcc -DHAVE_CONFIG_H   -I../include/curl -I../include -I../include -I../lib -I../lib  -DBUILDING_LIBCURL  -DCURL_HIDDEN_SYMBOLS   -fvisibility=hidden -m32 -O2 -Wno-system-headers -pthread  -MT libcurl_la-http_proxy.lo -MD -MP -MF .deps/libcurl_la-http_proxy.Tpo -c -o libcurl_la-http_proxy.lo `test -f 'http_proxy.c' || echo './'`http_proxy.c
mv -f .deps/libcurl_la-http_proxy.Tpo .deps/libcurl_la-http_proxy.Plo
echo "  CC      " libcurl_la-non-ascii.lo;/bin/bash ../libtool --silent --tag=CC   --mode=compile gcc -DHAVE_CONFIG_H   -I../include/curl -I../include -I../include -I../lib -I../lib  -DBUILDING_LIBCURL  -DCURL_HIDDEN_SYMBOLS   -fvisibility=hidden -m32 -O2 -Wno-system-headers -pthread  -MT libcurl_la-non-ascii.lo -MD -MP -MF .deps/libcurl_la-non-ascii.Tpo -c -o libcurl_la-non-ascii.lo `test -f 'non-ascii.c' || echo './'`non-ascii.c
mv -f .deps/libcurl_la-non-ascii.Tpo .deps/libcurl_la-non-ascii.Plo
echo "  CC      " libcurl_la-asyn-ares.lo;/bin/bash ../libtool --silent --tag=CC   --mode=compile gcc -DHAVE_CONFIG_H   -I../include/curl -I../include -I../include -I../lib -I../lib  -DBUILDING_LIBCURL  -DCURL_HIDDEN_SYMBOLS   -fvisibility=hidden -m32 -O2 -Wno-system-headers -pthread  -MT libcurl_la-asyn-ares.lo -MD -MP -MF .deps/libcurl_la-asyn-ares.Tpo -c -o libcurl_la-asyn-ares.lo `test -f 'asyn-ares.c' || echo './'`asyn-ares.c
mv -f .deps/libcurl_la-asyn-ares.Tpo .deps/libcurl_la-asyn-ares.Plo
echo "  CC      " libcurl_la-asyn-thread.lo;/bin/bash ../libtool --silent --tag=CC   --mode=compile gcc -DHAVE_CONFIG_H   -I../include/curl -I../include -I../include -I../lib -I../lib  -DBUILDING_LIBCURL  -DCURL_HIDDEN_SYMBOLS   -fvisibility=hidden -m32 -O2 -Wno-system-headers -pthread  -MT libcurl_la-asyn-thread.lo -MD -MP -MF .deps/libcurl_la-asyn-thread.Tpo -c -o libcurl_la-asyn-thread.lo `test -f 'asyn-thread.c' || echo './'`asyn-thread.c
mv -f .deps/libcurl_la-asyn-thread.Tpo .deps/libcurl_la-asyn-thread.Plo
echo "  CC      " libcurl_la-curl_gssapi.lo;/bin/bash ../libtool --silent --tag=CC   --mode=compile gcc -DHAVE_CONFIG_H   -I../include/curl -I../include -I../include -I../lib -I../lib  -DBUILDING_LIBCURL  -DCURL_HIDDEN_SYMBOLS   -fvisibility=hidden -m32 -O2 -Wno-system-headers -pthread  -MT libcurl_la-curl_gssapi.lo -MD -MP -MF .deps/libcurl_la-curl_gssapi.Tpo -c -o libcurl_la-curl_gssapi.lo `test -f 'curl_gssapi.c' || echo './'`curl_gssapi.c
mv -f .deps/libcurl_la-curl_gssapi.Tpo .deps/libcurl_la-curl_gssapi.Plo
echo "  CC      " libcurl_la-http_ntlm.lo;/bin/bash ../libtool --silent --tag=CC   --mode=compile gcc -DHAVE_CONFIG_H   -I../include/curl -I../include -I../include -I../lib -I../lib  -DBUILDING_LIBCURL  -DCURL_HIDDEN_SYMBOLS   -fvisibility=hidden -m32 -O2 -Wno-system-headers -pthread  -MT libcurl_la-http_ntlm.lo -MD -MP -MF .deps/libcurl_la-http_ntlm.Tpo -c -o libcurl_la-http_ntlm.lo `test -f 'http_ntlm.c' || echo './'`http_ntlm.c
mv -f .deps/libcurl_la-http_ntlm.Tpo .deps/libcurl_la-http_ntlm.Plo
echo "  CC      " libcurl_la-curl_ntlm_wb.lo;/bin/bash ../libtool --silent --tag=CC   --mode=compile gcc -DHAVE_CONFIG_H   -I../include/curl -I../include -I../include -I../lib -I../lib  -DBUILDING_LIBCURL  -DCURL_HIDDEN_SYMBOLS   -fvisibility=hidden -m32 -O2 -Wno-system-headers -pthread  -MT libcurl_la-curl_ntlm_wb.lo -MD -MP -MF .deps/libcurl_la-curl_ntlm_wb.Tpo -c -o libcurl_la-curl_ntlm_wb.lo `test -f 'curl_ntlm_wb.c' || echo './'`curl_ntlm_wb.c
mv -f .deps/libcurl_la-curl_ntlm_wb.Tpo .deps/libcurl_la-curl_ntlm_wb.Plo
echo "  CC      " libcurl_la-curl_ntlm_core.lo;/bin/bash ../libtool --silent --tag=CC   --mode=compile gcc -DHAVE_CONFIG_H   -I../include/curl -I../include -I../include -I../lib -I../lib  -DBUILDING_LIBCURL  -DCURL_HIDDEN_SYMBOLS   -fvisibility=hidden -m32 -O2 -Wno-system-headers -pthread  -MT libcurl_la-curl_ntlm_core.lo -MD -MP -MF .deps/libcurl_la-curl_ntlm_core.Tpo -c -o libcurl_la-curl_ntlm_core.lo `test -f 'curl_ntlm_core.c' || echo './'`curl_ntlm_core.c
mv -f .deps/libcurl_la-curl_ntlm_core.Tpo .deps/libcurl_la-curl_ntlm_core.Plo
echo "  CC      " libcurl_la-curl_sasl.lo;/bin/bash ../libtool --silent --tag=CC   --mode=compile gcc -DHAVE_CONFIG_H   -I../include/curl -I../include -I../include -I../lib -I../lib  -DBUILDING_LIBCURL  -DCURL_HIDDEN_SYMBOLS   -fvisibility=hidden -m32 -O2 -Wno-system-headers -pthread  -MT libcurl_la-curl_sasl.lo -MD -MP -MF .deps/libcurl_la-curl_sasl.Tpo -c -o libcurl_la-curl_sasl.lo `test -f 'curl_sasl.c' || echo './'`curl_sasl.c
mv -f .deps/libcurl_la-curl_sasl.Tpo .deps/libcurl_la-curl_sasl.Plo
echo "  CC      " libcurl_la-curl_multibyte.lo;/bin/bash ../libtool --silent --tag=CC   --mode=compile gcc -DHAVE_CONFIG_H   -I../include/curl -I../include -I../include -I../lib -I../lib  -DBUILDING_LIBCURL  -DCURL_HIDDEN_SYMBOLS   -fvisibility=hidden -m32 -O2 -Wno-system-headers -pthread  -MT libcurl_la-curl_multibyte.lo -MD -MP -MF .deps/libcurl_la-curl_multibyte.Tpo -c -o libcurl_la-curl_multibyte.lo `test -f 'curl_multibyte.c' || echo './'`curl_multibyte.c
mv -f .deps/libcurl_la-curl_multibyte.Tpo .deps/libcurl_la-curl_multibyte.Plo
echo "  CC      " libcurl_la-hostcheck.lo;/bin/bash ../libtool --silent --tag=CC   --mode=compile gcc -DHAVE_CONFIG_H   -I../include/curl -I../include -I../include -I../lib -I../lib  -DBUILDING_LIBCURL  -DCURL_HIDDEN_SYMBOLS   -fvisibility=hidden -m32 -O2 -Wno-system-headers -pthread  -MT libcurl_la-hostcheck.lo -MD -MP -MF .deps/libcurl_la-hostcheck.Tpo -c -o libcurl_la-hostcheck.lo `test -f 'hostcheck.c' || echo './'`hostcheck.c
mv -f .deps/libcurl_la-hostcheck.Tpo .deps/libcurl_la-hostcheck.Plo
echo "  CC      " libcurl_la-conncache.lo;/bin/bash ../libtool --silent --tag=CC   --mode=compile gcc -DHAVE_CONFIG_H   -I../include/curl -I../include -I../include -I../lib -I../lib  -DBUILDING_LIBCURL  -DCURL_HIDDEN_SYMBOLS   -fvisibility=hidden -m32 -O2 -Wno-system-headers -pthread  -MT libcurl_la-conncache.lo -MD -MP -MF .deps/libcurl_la-conncache.Tpo -c -o libcurl_la-conncache.lo `test -f 'conncache.c' || echo './'`conncache.c
mv -f .deps/libcurl_la-conncache.Tpo .deps/libcurl_la-conncache.Plo
echo "  CC      " libcurl_la-pipeline.lo;/bin/bash ../libtool --silent --tag=CC   --mode=compile gcc -DHAVE_CONFIG_H   -I../include/curl -I../include -I../include -I../lib -I../lib  -DBUILDING_LIBCURL  -DCURL_HIDDEN_SYMBOLS   -fvisibility=hidden -m32 -O2 -Wno-system-headers -pthread  -MT libcurl_la-pipeline.lo -MD -MP -MF .deps/libcurl_la-pipeline.Tpo -c -o libcurl_la-pipeline.lo `test -f 'pipeline.c' || echo './'`pipeline.c
mv -f .deps/libcurl_la-pipeline.Tpo .deps/libcurl_la-pipeline.Plo
echo "  CC      " libcurl_la-dotdot.lo;/bin/bash ../libtool --silent --tag=CC   --mode=compile gcc -DHAVE_CONFIG_H   -I../include/curl -I../include -I../include -I../lib -I../lib  -DBUILDING_LIBCURL  -DCURL_HIDDEN_SYMBOLS   -fvisibility=hidden -m32 -O2 -Wno-system-headers -pthread  -MT libcurl_la-dotdot.lo -MD -MP -MF .deps/libcurl_la-dotdot.Tpo -c -o libcurl_la-dotdot.lo `test -f 'dotdot.c' || echo './'`dotdot.c
mv -f .deps/libcurl_la-dotdot.Tpo .deps/libcurl_la-dotdot.Plo
echo "  CC      " libcurl_la-x509asn1.lo;/bin/bash ../libtool --silent --tag=CC   --mode=compile gcc -DHAVE_CONFIG_H   -I../include/curl -I../include -I../include -I../lib -I../lib  -DBUILDING_LIBCURL  -DCURL_HIDDEN_SYMBOLS   -fvisibility=hidden -m32 -O2 -Wno-system-headers -pthread  -MT libcurl_la-x509asn1.lo -MD -MP -MF .deps/libcurl_la-x509asn1.Tpo -c -o libcurl_la-x509asn1.lo `test -f 'x509asn1.c' || echo './'`x509asn1.c
mv -f .deps/libcurl_la-x509asn1.Tpo .deps/libcurl_la-x509asn1.Plo
echo "  CC      " libcurl_la-http2.lo;/bin/bash ../libtool --silent --tag=CC   --mode=compile gcc -DHAVE_CONFIG_H   -I../include/curl -I../include -I../include -I../lib -I../lib  -DBUILDING_LIBCURL  -DCURL_HIDDEN_SYMBOLS   -fvisibility=hidden -m32 -O2 -Wno-system-headers -pthread  -MT libcurl_la-http2.lo -MD -MP -MF .deps/libcurl_la-http2.Tpo -c -o libcurl_la-http2.lo `test -f 'http2.c' || echo './'`http2.c
mv -f .deps/libcurl_la-http2.Tpo .deps/libcurl_la-http2.Plo
echo "  CC      " libcurl_la-smb.lo;/bin/bash ../libtool --silent --tag=CC   --mode=compile gcc -DHAVE_CONFIG_H   -I../include/curl -I../include -I../include -I../lib -I../lib  -DBUILDING_LIBCURL  -DCURL_HIDDEN_SYMBOLS   -fvisibility=hidden -m32 -O2 -Wno-system-headers -pthread  -MT libcurl_la-smb.lo -MD -MP -MF .deps/libcurl_la-smb.Tpo -c -o libcurl_la-smb.lo `test -f 'smb.c' || echo './'`smb.c
mv -f .deps/libcurl_la-smb.Tpo .deps/libcurl_la-smb.Plo
echo "  CC      " libcurl_la-curl_endian.lo;/bin/bash ../libtool --silent --tag=CC   --mode=compile gcc -DHAVE_CONFIG_H   -I../include/curl -I../include -I../include -I../lib -I../lib  -DBUILDING_LIBCURL  -DCURL_HIDDEN_SYMBOLS   -fvisibility=hidden -m32 -O2 -Wno-system-headers -pthread  -MT libcurl_la-curl_endian.lo -MD -MP -MF .deps/libcurl_la-curl_endian.Tpo -c -o libcurl_la-curl_endian.lo `test -f 'curl_endian.c' || echo './'`curl_endian.c
mv -f .deps/libcurl_la-curl_endian.Tpo .deps/libcurl_la-curl_endian.Plo
echo "  CC      " libcurl_la-curl_des.lo;/bin/bash ../libtool --silent --tag=CC   --mode=compile gcc -DHAVE_CONFIG_H   -I../include/curl -I../include -I../include -I../lib -I../lib  -DBUILDING_LIBCURL  -DCURL_HIDDEN_SYMBOLS   -fvisibility=hidden -m32 -O2 -Wno-system-headers -pthread  -MT libcurl_la-curl_des.lo -MD -MP -MF .deps/libcurl_la-curl_des.Tpo -c -o libcurl_la-curl_des.lo `test -f 'curl_des.c' || echo './'`curl_des.c
mv -f .deps/libcurl_la-curl_des.Tpo .deps/libcurl_la-curl_des.Plo
echo "  CC      " libcurl_la-system_win32.lo;/bin/bash ../libtool --silent --tag=CC   --mode=compile gcc -DHAVE_CONFIG_H   -I../include/curl -I../include -I../include -I../lib -I../lib  -DBUILDING_LIBCURL  -DCURL_HIDDEN_SYMBOLS   -fvisibility=hidden -m32 -O2 -Wno-system-headers -pthread  -MT libcurl_la-system_win32.lo -MD -MP -MF .deps/libcurl_la-system_win32.Tpo -c -o libcurl_la-system_win32.lo `test -f 'system_win32.c' || echo './'`system_win32.c
mv -f .deps/libcurl_la-system_win32.Tpo .deps/libcurl_la-system_win32.Plo
echo "  CC      " vauth/libcurl_la-vauth.lo;/bin/bash ../libtool --silent --tag=CC   --mode=compile gcc -DHAVE_CONFIG_H   -I../include/curl -I../include -I../include -I../lib -I../lib  -DBUILDING_LIBCURL  -DCURL_HIDDEN_SYMBOLS   -fvisibility=hidden -m32 -O2 -Wno-system-headers -pthread  -MT vauth/libcurl_la-vauth.lo -MD -MP -MF vauth/.deps/libcurl_la-vauth.Tpo -c -o vauth/libcurl_la-vauth.lo `test -f 'vauth/vauth.c' || echo './'`vauth/vauth.c
mv -f vauth/.deps/libcurl_la-vauth.Tpo vauth/.deps/libcurl_la-vauth.Plo
echo "  CC      " vauth/libcurl_la-cleartext.lo;/bin/bash ../libtool --silent --tag=CC   --mode=compile gcc -DHAVE_CONFIG_H   -I../include/curl -I../include -I../include -I../lib -I../lib  -DBUILDING_LIBCURL  -DCURL_HIDDEN_SYMBOLS   -fvisibility=hidden -m32 -O2 -Wno-system-headers -pthread  -MT vauth/libcurl_la-cleartext.lo -MD -MP -MF vauth/.deps/libcurl_la-cleartext.Tpo -c -o vauth/libcurl_la-cleartext.lo `test -f 'vauth/cleartext.c' || echo './'`vauth/cleartext.c
mv -f vauth/.deps/libcurl_la-cleartext.Tpo vauth/.deps/libcurl_la-cleartext.Plo
echo "  CC      " vauth/libcurl_la-cram.lo;/bin/bash ../libtool --silent --tag=CC   --mode=compile gcc -DHAVE_CONFIG_H   -I../include/curl -I../include -I../include -I../lib -I../lib  -DBUILDING_LIBCURL  -DCURL_HIDDEN_SYMBOLS   -fvisibility=hidden -m32 -O2 -Wno-system-headers -pthread  -MT vauth/libcurl_la-cram.lo -MD -MP -MF vauth/.deps/libcurl_la-cram.Tpo -c -o vauth/libcurl_la-cram.lo `test -f 'vauth/cram.c' || echo './'`vauth/cram.c
mv -f vauth/.deps/libcurl_la-cram.Tpo vauth/.deps/libcurl_la-cram.Plo
echo "  CC      " vauth/libcurl_la-digest.lo;/bin/bash ../libtool --silent --tag=CC   --mode=compile gcc -DHAVE_CONFIG_H   -I../include/curl -I../include -I../include -I../lib -I../lib  -DBUILDING_LIBCURL  -DCURL_HIDDEN_SYMBOLS   -fvisibility=hidden -m32 -O2 -Wno-system-headers -pthread  -MT vauth/libcurl_la-digest.lo -MD -MP -MF vauth/.deps/libcurl_la-digest.Tpo -c -o vauth/libcurl_la-digest.lo `test -f 'vauth/digest.c' || echo './'`vauth/digest.c
mv -f vauth/.deps/libcurl_la-digest.Tpo vauth/.deps/libcurl_la-digest.Plo
echo "  CC      " vauth/libcurl_la-digest_sspi.lo;/bin/bash ../libtool --silent --tag=CC   --mode=compile gcc -DHAVE_CONFIG_H   -I../include/curl -I../include -I../include -I../lib -I../lib  -DBUILDING_LIBCURL  -DCURL_HIDDEN_SYMBOLS   -fvisibility=hidden -m32 -O2 -Wno-system-headers -pthread  -MT vauth/libcurl_la-digest_sspi.lo -MD -MP -MF vauth/.deps/libcurl_la-digest_sspi.Tpo -c -o vauth/libcurl_la-digest_sspi.lo `test -f 'vauth/digest_sspi.c' || echo './'`vauth/digest_sspi.c
mv -f vauth/.deps/libcurl_la-digest_sspi.Tpo vauth/.deps/libcurl_la-digest_sspi.Plo
echo "  CC      " vauth/libcurl_la-krb5_gssapi.lo;/bin/bash ../libtool --silent --tag=CC   --mode=compile gcc -DHAVE_CONFIG_H   -I../include/curl -I../include -I../include -I../lib -I../lib  -DBUILDING_LIBCURL  -DCURL_HIDDEN_SYMBOLS   -fvisibility=hidden -m32 -O2 -Wno-system-headers -pthread  -MT vauth/libcurl_la-krb5_gssapi.lo -MD -MP -MF vauth/.deps/libcurl_la-krb5_gssapi.Tpo -c -o vauth/libcurl_la-krb5_gssapi.lo `test -f 'vauth/krb5_gssapi.c' || echo './'`vauth/krb5_gssapi.c
mv -f vauth/.deps/libcurl_la-krb5_gssapi.Tpo vauth/.deps/libcurl_la-krb5_gssapi.Plo
echo "  CC      " vauth/libcurl_la-krb5_sspi.lo;/bin/bash ../libtool --silent --tag=CC   --mode=compile gcc -DHAVE_CONFIG_H   -I../include/curl -I../include -I../include -I../lib -I../lib  -DBUILDING_LIBCURL  -DCURL_HIDDEN_SYMBOLS   -fvisibility=hidden -m32 -O2 -Wno-system-headers -pthread  -MT vauth/libcurl_la-krb5_sspi.lo -MD -MP -MF vauth/.deps/libcurl_la-krb5_sspi.Tpo -c -o vauth/libcurl_la-krb5_sspi.lo `test -f 'vauth/krb5_sspi.c' || echo './'`vauth/krb5_sspi.c
mv -f vauth/.deps/libcurl_la-krb5_sspi.Tpo vauth/.deps/libcurl_la-krb5_sspi.Plo
echo "  CC      " vauth/libcurl_la-ntlm.lo;/bin/bash ../libtool --silent --tag=CC   --mode=compile gcc -DHAVE_CONFIG_H   -I../include/curl -I../include -I../include -I../lib -I../lib  -DBUILDING_LIBCURL  -DCURL_HIDDEN_SYMBOLS   -fvisibility=hidden -m32 -O2 -Wno-system-headers -pthread  -MT vauth/libcurl_la-ntlm.lo -MD -MP -MF vauth/.deps/libcurl_la-ntlm.Tpo -c -o vauth/libcurl_la-ntlm.lo `test -f 'vauth/ntlm.c' || echo './'`vauth/ntlm.c
mv -f vauth/.deps/libcurl_la-ntlm.Tpo vauth/.deps/libcurl_la-ntlm.Plo
echo "  CC      " vauth/libcurl_la-ntlm_sspi.lo;/bin/bash ../libtool --silent --tag=CC   --mode=compile gcc -DHAVE_CONFIG_H   -I../include/curl -I../include -I../include -I../lib -I../lib  -DBUILDING_LIBCURL  -DCURL_HIDDEN_SYMBOLS   -fvisibility=hidden -m32 -O2 -Wno-system-headers -pthread  -MT vauth/libcurl_la-ntlm_sspi.lo -MD -MP -MF vauth/.deps/libcurl_la-ntlm_sspi.Tpo -c -o vauth/libcurl_la-ntlm_sspi.lo `test -f 'vauth/ntlm_sspi.c' || echo './'`vauth/ntlm_sspi.c
mv -f vauth/.deps/libcurl_la-ntlm_sspi.Tpo vauth/.deps/libcurl_la-ntlm_sspi.Plo
echo "  CC      " vauth/libcurl_la-oauth2.lo;/bin/bash ../libtool --silent --tag=CC   --mode=compile gcc -DHAVE_CONFIG_H   -I../include/curl -I../include -I../include -I../lib -I../lib  -DBUILDING_LIBCURL  -DCURL_HIDDEN_SYMBOLS   -fvisibility=hidden -m32 -O2 -Wno-system-headers -pthread  -MT vauth/libcurl_la-oauth2.lo -MD -MP -MF vauth/.deps/libcurl_la-oauth2.Tpo -c -o vauth/libcurl_la-oauth2.lo `test -f 'vauth/oauth2.c' || echo './'`vauth/oauth2.c
mv -f vauth/.deps/libcurl_la-oauth2.Tpo vauth/.deps/libcurl_la-oauth2.Plo
echo "  CC      " vauth/libcurl_la-spnego_gssapi.lo;/bin/bash ../libtool --silent --tag=CC   --mode=compile gcc -DHAVE_CONFIG_H   -I../include/curl -I../include -I../include -I../lib -I../lib  -DBUILDING_LIBCURL  -DCURL_HIDDEN_SYMBOLS   -fvisibility=hidden -m32 -O2 -Wno-system-headers -pthread  -MT vauth/libcurl_la-spnego_gssapi.lo -MD -MP -MF vauth/.deps/libcurl_la-spnego_gssapi.Tpo -c -o vauth/libcurl_la-spnego_gssapi.lo `test -f 'vauth/spnego_gssapi.c' || echo './'`vauth/spnego_gssapi.c
mv -f vauth/.deps/libcurl_la-spnego_gssapi.Tpo vauth/.deps/libcurl_la-spnego_gssapi.Plo
echo "  CC      " vauth/libcurl_la-spnego_sspi.lo;/bin/bash ../libtool --silent --tag=CC   --mode=compile gcc -DHAVE_CONFIG_H   -I../include/curl -I../include -I../include -I../lib -I../lib  -DBUILDING_LIBCURL  -DCURL_HIDDEN_SYMBOLS   -fvisibility=hidden -m32 -O2 -Wno-system-headers -pthread  -MT vauth/libcurl_la-spnego_sspi.lo -MD -MP -MF vauth/.deps/libcurl_la-spnego_sspi.Tpo -c -o vauth/libcurl_la-spnego_sspi.lo `test -f 'vauth/spnego_sspi.c' || echo './'`vauth/spnego_sspi.c
mv -f vauth/.deps/libcurl_la-spnego_sspi.Tpo vauth/.deps/libcurl_la-spnego_sspi.Plo
echo "  CC      " vtls/libcurl_la-openssl.lo;/bin/bash ../libtool --silent --tag=CC   --mode=compile gcc -DHAVE_CONFIG_H   -I../include/curl -I../include -I../include -I../lib -I../lib  -DBUILDING_LIBCURL  -DCURL_HIDDEN_SYMBOLS   -fvisibility=hidden -m32 -O2 -Wno-system-headers -pthread  -MT vtls/libcurl_la-openssl.lo -MD -MP -MF vtls/.deps/libcurl_la-openssl.Tpo -c -o vtls/libcurl_la-openssl.lo `test -f 'vtls/openssl.c' || echo './'`vtls/openssl.c
mv -f vtls/.deps/libcurl_la-openssl.Tpo vtls/.deps/libcurl_la-openssl.Plo
echo "  CC      " vtls/libcurl_la-gtls.lo;/bin/bash ../libtool --silent --tag=CC   --mode=compile gcc -DHAVE_CONFIG_H   -I../include/curl -I../include -I../include -I../lib -I../lib  -DBUILDING_LIBCURL  -DCURL_HIDDEN_SYMBOLS   -fvisibility=hidden -m32 -O2 -Wno-system-headers -pthread  -MT vtls/libcurl_la-gtls.lo -MD -MP -MF vtls/.deps/libcurl_la-gtls.Tpo -c -o vtls/libcurl_la-gtls.lo `test -f 'vtls/gtls.c' || echo './'`vtls/gtls.c
mv -f vtls/.deps/libcurl_la-gtls.Tpo vtls/.deps/libcurl_la-gtls.Plo
echo "  CC      " vtls/libcurl_la-vtls.lo;/bin/bash ../libtool --silent --tag=CC   --mode=compile gcc -DHAVE_CONFIG_H   -I../include/curl -I../include -I../include -I../lib -I../lib  -DBUILDING_LIBCURL  -DCURL_HIDDEN_SYMBOLS   -fvisibility=hidden -m32 -O2 -Wno-system-headers -pthread  -MT vtls/libcurl_la-vtls.lo -MD -MP -MF vtls/.deps/libcurl_la-vtls.Tpo -c -o vtls/libcurl_la-vtls.lo `test -f 'vtls/vtls.c' || echo './'`vtls/vtls.c
mv -f vtls/.deps/libcurl_la-vtls.Tpo vtls/.deps/libcurl_la-vtls.Plo
echo "  CC      " vtls/libcurl_la-nss.lo;/bin/bash ../libtool --silent --tag=CC   --mode=compile gcc -DHAVE_CONFIG_H   -I../include/curl -I../include -I../include -I../lib -I../lib  -DBUILDING_LIBCURL  -DCURL_HIDDEN_SYMBOLS   -fvisibility=hidden -m32 -O2 -Wno-system-headers -pthread  -MT vtls/libcurl_la-nss.lo -MD -MP -MF vtls/.deps/libcurl_la-nss.Tpo -c -o vtls/libcurl_la-nss.lo `test -f 'vtls/nss.c' || echo './'`vtls/nss.c
mv -f vtls/.deps/libcurl_la-nss.Tpo vtls/.deps/libcurl_la-nss.Plo
echo "  CC      " vtls/libcurl_la-polarssl.lo;/bin/bash ../libtool --silent --tag=CC   --mode=compile gcc -DHAVE_CONFIG_H   -I../include/curl -I../include -I../include -I../lib -I../lib  -DBUILDING_LIBCURL  -DCURL_HIDDEN_SYMBOLS   -fvisibility=hidden -m32 -O2 -Wno-system-headers -pthread  -MT vtls/libcurl_la-polarssl.lo -MD -MP -MF vtls/.deps/libcurl_la-polarssl.Tpo -c -o vtls/libcurl_la-polarssl.lo `test -f 'vtls/polarssl.c' || echo './'`vtls/polarssl.c
mv -f vtls/.deps/libcurl_la-polarssl.Tpo vtls/.deps/libcurl_la-polarssl.Plo
echo "  CC      " vtls/libcurl_la-polarssl_threadlock.lo;/bin/bash ../libtool --silent --tag=CC   --mode=compile gcc -DHAVE_CONFIG_H   -I../include/curl -I../include -I../include -I../lib -I../lib  -DBUILDING_LIBCURL  -DCURL_HIDDEN_SYMBOLS   -fvisibility=hidden -m32 -O2 -Wno-system-headers -pthread  -MT vtls/libcurl_la-polarssl_threadlock.lo -MD -MP -MF vtls/.deps/libcurl_la-polarssl_threadlock.Tpo -c -o vtls/libcurl_la-polarssl_threadlock.lo `test -f 'vtls/polarssl_threadlock.c' || echo './'`vtls/polarssl_threadlock.c
mv -f vtls/.deps/libcurl_la-polarssl_threadlock.Tpo vtls/.deps/libcurl_la-polarssl_threadlock.Plo
echo "  CC      " vtls/libcurl_la-axtls.lo;/bin/bash ../libtool --silent --tag=CC   --mode=compile gcc -DHAVE_CONFIG_H   -I../include/curl -I../include -I../include -I../lib -I../lib  -DBUILDING_LIBCURL  -DCURL_HIDDEN_SYMBOLS   -fvisibility=hidden -m32 -O2 -Wno-system-headers -pthread  -MT vtls/libcurl_la-axtls.lo -MD -MP -MF vtls/.deps/libcurl_la-axtls.Tpo -c -o vtls/libcurl_la-axtls.lo `test -f 'vtls/axtls.c' || echo './'`vtls/axtls.c
mv -f vtls/.deps/libcurl_la-axtls.Tpo vtls/.deps/libcurl_la-axtls.Plo
echo "  CC      " vtls/libcurl_la-cyassl.lo;/bin/bash ../libtool --silent --tag=CC   --mode=compile gcc -DHAVE_CONFIG_H   -I../include/curl -I../include -I../include -I../lib -I../lib  -DBUILDING_LIBCURL  -DCURL_HIDDEN_SYMBOLS   -fvisibility=hidden -m32 -O2 -Wno-system-headers -pthread  -MT vtls/libcurl_la-cyassl.lo -MD -MP -MF vtls/.deps/libcurl_la-cyassl.Tpo -c -o vtls/libcurl_la-cyassl.lo `test -f 'vtls/cyassl.c' || echo './'`vtls/cyassl.c
mv -f vtls/.deps/libcurl_la-cyassl.Tpo vtls/.deps/libcurl_la-cyassl.Plo
echo "  CC      " vtls/libcurl_la-schannel.lo;/bin/bash ../libtool --silent --tag=CC   --mode=compile gcc -DHAVE_CONFIG_H   -I../include/curl -I../include -I../include -I../lib -I../lib  -DBUILDING_LIBCURL  -DCURL_HIDDEN_SYMBOLS   -fvisibility=hidden -m32 -O2 -Wno-system-headers -pthread  -MT vtls/libcurl_la-schannel.lo -MD -MP -MF vtls/.deps/libcurl_la-schannel.Tpo -c -o vtls/libcurl_la-schannel.lo `test -f 'vtls/schannel.c' || echo './'`vtls/schannel.c
mv -f vtls/.deps/libcurl_la-schannel.Tpo vtls/.deps/libcurl_la-schannel.Plo
echo "  CC      " vtls/libcurl_la-darwinssl.lo;/bin/bash ../libtool --silent --tag=CC   --mode=compile gcc -DHAVE_CONFIG_H   -I../include/curl -I../include -I../include -I../lib -I../lib  -DBUILDING_LIBCURL  -DCURL_HIDDEN_SYMBOLS   -fvisibility=hidden -m32 -O2 -Wno-system-headers -pthread  -MT vtls/libcurl_la-darwinssl.lo -MD -MP -MF vtls/.deps/libcurl_la-darwinssl.Tpo -c -o vtls/libcurl_la-darwinssl.lo `test -f 'vtls/darwinssl.c' || echo './'`vtls/darwinssl.c
mv -f vtls/.deps/libcurl_la-darwinssl.Tpo vtls/.deps/libcurl_la-darwinssl.Plo
echo "  CC      " vtls/libcurl_la-gskit.lo;/bin/bash ../libtool --silent --tag=CC   --mode=compile gcc -DHAVE_CONFIG_H   -I../include/curl -I../include -I../include -I../lib -I../lib  -DBUILDING_LIBCURL  -DCURL_HIDDEN_SYMBOLS   -fvisibility=hidden -m32 -O2 -Wno-system-headers -pthread  -MT vtls/libcurl_la-gskit.lo -MD -MP -MF vtls/.deps/libcurl_la-gskit.Tpo -c -o vtls/libcurl_la-gskit.lo `test -f 'vtls/gskit.c' || echo './'`vtls/gskit.c
mv -f vtls/.deps/libcurl_la-gskit.Tpo vtls/.deps/libcurl_la-gskit.Plo
echo "  CC      " vtls/libcurl_la-mbedtls.lo;/bin/bash ../libtool --silent --tag=CC   --mode=compile gcc -DHAVE_CONFIG_H   -I../include/curl -I../include -I../include -I../lib -I../lib  -DBUILDING_LIBCURL  -DCURL_HIDDEN_SYMBOLS   -fvisibility=hidden -m32 -O2 -Wno-system-headers -pthread  -MT vtls/libcurl_la-mbedtls.lo -MD -MP -MF vtls/.deps/libcurl_la-mbedtls.Tpo -c -o vtls/libcurl_la-mbedtls.lo `test -f 'vtls/mbedtls.c' || echo './'`vtls/mbedtls.c
mv -f vtls/.deps/libcurl_la-mbedtls.Tpo vtls/.deps/libcurl_la-mbedtls.Plo
echo "  CCLD    " libcurl.la;/bin/bash ../libtool --silent --tag=CC   --mode=link gcc  -fvisibility=hidden -m32 -O2 -Wno-system-headers -pthread   -version-info 8:0:4     -lssl -lcrypto -lz  -o libcurl.la -rpath /usr/local/lib libcurl_la-file.lo libcurl_la-timeval.lo libcurl_la-base64.lo libcurl_la-hostip.lo libcurl_la-progress.lo libcurl_la-formdata.lo libcurl_la-cookie.lo libcurl_la-http.lo libcurl_la-sendf.lo libcurl_la-ftp.lo libcurl_la-url.lo libcurl_la-dict.lo libcurl_la-if2ip.lo libcurl_la-speedcheck.lo libcurl_la-ldap.lo libcurl_la-version.lo libcurl_la-getenv.lo libcurl_la-escape.lo libcurl_la-mprintf.lo libcurl_la-telnet.lo libcurl_la-netrc.lo libcurl_la-getinfo.lo libcurl_la-transfer.lo libcurl_la-strcase.lo libcurl_la-easy.lo libcurl_la-security.lo libcurl_la-curl_fnmatch.lo libcurl_la-fileinfo.lo libcurl_la-ftplistparser.lo libcurl_la-wildcard.lo libcurl_la-krb5.lo libcurl_la-memdebug.lo libcurl_la-http_chunks.lo libcurl_la-strtok.lo libcurl_la-connect.lo libcurl_la-llist.lo libcurl_la-hash.lo libcurl_la-multi.lo libcurl_la-content_encoding.lo libcurl_la-share.lo libcurl_la-http_digest.lo libcurl_la-md4.lo libcurl_la-md5.lo libcurl_la-http_negotiate.lo libcurl_la-inet_pton.lo libcurl_la-strtoofft.lo libcurl_la-strerror.lo libcurl_la-amigaos.lo libcurl_la-hostasyn.lo libcurl_la-hostip4.lo libcurl_la-hostip6.lo libcurl_la-hostsyn.lo libcurl_la-inet_ntop.lo libcurl_la-parsedate.lo libcurl_la-select.lo libcurl_la-tftp.lo libcurl_la-splay.lo libcurl_la-strdup.lo libcurl_la-socks.lo libcurl_la-ssh.lo libcurl_la-curl_addrinfo.lo libcurl_la-socks_gssapi.lo libcurl_la-socks_sspi.lo libcurl_la-curl_sspi.lo libcurl_la-slist.lo libcurl_la-nonblock.lo libcurl_la-curl_memrchr.lo libcurl_la-imap.lo libcurl_la-pop3.lo libcurl_la-smtp.lo libcurl_la-pingpong.lo libcurl_la-rtsp.lo libcurl_la-curl_threads.lo libcurl_la-warnless.lo libcurl_la-hmac.lo libcurl_la-curl_rtmp.lo libcurl_la-openldap.lo libcurl_la-curl_gethostname.lo libcurl_la-gopher.lo libcurl_la-idn_win32.lo libcurl_la-http_proxy.lo libcurl_la-non-ascii.lo libcurl_la-asyn-ares.lo libcurl_la-asyn-thread.lo libcurl_la-curl_gssapi.lo libcurl_la-http_ntlm.lo libcurl_la-curl_ntlm_wb.lo libcurl_la-curl_ntlm_core.lo libcurl_la-curl_sasl.lo libcurl_la-curl_multibyte.lo libcurl_la-hostcheck.lo libcurl_la-conncache.lo libcurl_la-pipeline.lo libcurl_la-dotdot.lo libcurl_la-x509asn1.lo libcurl_la-http2.lo libcurl_la-smb.lo libcurl_la-curl_endian.lo libcurl_la-curl_des.lo libcurl_la-system_win32.lo vauth/libcurl_la-vauth.lo vauth/libcurl_la-cleartext.lo vauth/libcurl_la-cram.lo vauth/libcurl_la-digest.lo vauth/libcurl_la-digest_sspi.lo vauth/libcurl_la-krb5_gssapi.lo vauth/libcurl_la-krb5_sspi.lo vauth/libcurl_la-ntlm.lo vauth/libcurl_la-ntlm_sspi.lo vauth/libcurl_la-oauth2.lo vauth/libcurl_la-spnego_gssapi.lo vauth/libcurl_la-spnego_sspi.lo vtls/libcurl_la-openssl.lo vtls/libcurl_la-gtls.lo vtls/libcurl_la-vtls.lo vtls/libcurl_la-nss.lo vtls/libcurl_la-polarssl.lo vtls/libcurl_la-polarssl_threadlock.lo vtls/libcurl_la-axtls.lo vtls/libcurl_la-cyassl.lo vtls/libcurl_la-schannel.lo vtls/libcurl_la-darwinssl.lo vtls/libcurl_la-gskit.lo vtls/libcurl_la-mbedtls.lo     
make[2]: Verzeichnis „/home/grueni/Apps/GeoDiscoverer/Source/Platform/Target/Android/core/src/main/jni/curl-7.51.0/lib“ wird verlassen
make[1]: Verzeichnis „/home/grueni/Apps/GeoDiscoverer/Source/Platform/Target/Android/core/src/main/jni/curl-7.51.0/lib“ wird verlassen
Making all in src
make[1]: Verzeichnis „/home/grueni/Apps/GeoDiscoverer/Source/Platform/Target/Android/core/src/main/jni/curl-7.51.0/src“ wird betreten
echo '#include "tool_setup.h"' > tool_hugehelp.c
echo '#ifndef HAVE_LIBZ' >> tool_hugehelp.c
env LC_ALL=C /usr/bin/nroff -man  ../docs/curl.1 | /usr/bin/perl ../src/mkhelp.pl ../docs/MANUAL >> tool_hugehelp.c
echo '#else' >> tool_hugehelp.c
env LC_ALL=C /usr/bin/nroff -man  ../docs/curl.1 | /usr/bin/perl ../src/mkhelp.pl -c ../docs/MANUAL >> tool_hugehelp.c
echo '#endif /* HAVE_LIBZ */' >> tool_hugehelp.c
make  all-am
make[2]: Verzeichnis „/home/grueni/Apps/GeoDiscoverer/Source/Platform/Target/Android/core/src/main/jni/curl-7.51.0/src“ wird betreten
echo "  CC      " curl-slist_wc.o;gcc -DHAVE_CONFIG_H   -I../include/curl -I../include -I../include -I../lib -I../src -I../lib -I../src     -m32 -O2 -Wno-system-headers -pthread  -MT curl-slist_wc.o -MD -MP -MF .deps/curl-slist_wc.Tpo -c -o curl-slist_wc.o `test -f 'slist_wc.c' || echo './'`slist_wc.c
mv -f .deps/curl-slist_wc.Tpo .deps/curl-slist_wc.Po
echo "  CC      " curl-tool_binmode.o;gcc -DHAVE_CONFIG_H   -I../include/curl -I../include -I../include -I../lib -I../src -I../lib -I../src     -m32 -O2 -Wno-system-headers -pthread  -MT curl-tool_binmode.o -MD -MP -MF .deps/curl-tool_binmode.Tpo -c -o curl-tool_binmode.o `test -f 'tool_binmode.c' || echo './'`tool_binmode.c
mv -f .deps/curl-tool_binmode.Tpo .deps/curl-tool_binmode.Po
echo "  CC      " curl-tool_bname.o;gcc -DHAVE_CONFIG_H   -I../include/curl -I../include -I../include -I../lib -I../src -I../lib -I../src     -m32 -O2 -Wno-system-headers -pthread  -MT curl-tool_bname.o -MD -MP -MF .deps/curl-tool_bname.Tpo -c -o curl-tool_bname.o `test -f 'tool_bname.c' || echo './'`tool_bname.c
mv -f .deps/curl-tool_bname.Tpo .deps/curl-tool_bname.Po
echo "  CC      " curl-tool_cb_dbg.o;gcc -DHAVE_CONFIG_H   -I../include/curl -I../include -I../include -I../lib -I../src -I../lib -I../src     -m32 -O2 -Wno-system-headers -pthread  -MT curl-tool_cb_dbg.o -MD -MP -MF .deps/curl-tool_cb_dbg.Tpo -c -o curl-tool_cb_dbg.o `test -f 'tool_cb_dbg.c' || echo './'`tool_cb_dbg.c
mv -f .deps/curl-tool_cb_dbg.Tpo .deps/curl-tool_cb_dbg.Po
echo "  CC      " curl-tool_cb_hdr.o;gcc -DHAVE_CONFIG_H   -I../include/curl -I../include -I../include -I../lib -I../src -I../lib -I../src     -m32 -O2 -Wno-system-headers -pthread  -MT curl-tool_cb_hdr.o -MD -MP -MF .deps/curl-tool_cb_hdr.Tpo -c -o curl-tool_cb_hdr.o `test -f 'tool_cb_hdr.c' || echo './'`tool_cb_hdr.c
mv -f .deps/curl-tool_cb_hdr.Tpo .deps/curl-tool_cb_hdr.Po
echo "  CC      " curl-tool_cb_prg.o;gcc -DHAVE_CONFIG_H   -I../include/curl -I../include -I../include -I../lib -I../src -I../lib -I../src     -m32 -O2 -Wno-system-headers -pthread  -MT curl-tool_cb_prg.o -MD -MP -MF .deps/curl-tool_cb_prg.Tpo -c -o curl-tool_cb_prg.o `test -f 'tool_cb_prg.c' || echo './'`tool_cb_prg.c
mv -f .deps/curl-tool_cb_prg.Tpo .deps/curl-tool_cb_prg.Po
echo "  CC      " curl-tool_cb_rea.o;gcc -DHAVE_CONFIG_H   -I../include/curl -I../include -I../include -I../lib -I../src -I../lib -I../src     -m32 -O2 -Wno-system-headers -pthread  -MT curl-tool_cb_rea.o -MD -MP -MF .deps/curl-tool_cb_rea.Tpo -c -o curl-tool_cb_rea.o `test -f 'tool_cb_rea.c' || echo './'`tool_cb_rea.c
mv -f .deps/curl-tool_cb_rea.Tpo .deps/curl-tool_cb_rea.Po
echo "  CC      " curl-tool_cb_see.o;gcc -DHAVE_CONFIG_H   -I../include/curl -I../include -I../include -I../lib -I../src -I../lib -I../src     -m32 -O2 -Wno-system-headers -pthread  -MT curl-tool_cb_see.o -MD -MP -MF .deps/curl-tool_cb_see.Tpo -c -o curl-tool_cb_see.o `test -f 'tool_cb_see.c' || echo './'`tool_cb_see.c
mv -f .deps/curl-tool_cb_see.Tpo .deps/curl-tool_cb_see.Po
echo "  CC      " curl-tool_cb_wrt.o;gcc -DHAVE_CONFIG_H   -I../include/curl -I../include -I../include -I../lib -I../src -I../lib -I../src     -m32 -O2 -Wno-system-headers -pthread  -MT curl-tool_cb_wrt.o -MD -MP -MF .deps/curl-tool_cb_wrt.Tpo -c -o curl-tool_cb_wrt.o `test -f 'tool_cb_wrt.c' || echo './'`tool_cb_wrt.c
mv -f .deps/curl-tool_cb_wrt.Tpo .deps/curl-tool_cb_wrt.Po
echo "  CC      " curl-tool_cfgable.o;gcc -DHAVE_CONFIG_H   -I../include/curl -I../include -I../include -I../lib -I../src -I../lib -I../src     -m32 -O2 -Wno-system-headers -pthread  -MT curl-tool_cfgable.o -MD -MP -MF .deps/curl-tool_cfgable.Tpo -c -o curl-tool_cfgable.o `test -f 'tool_cfgable.c' || echo './'`tool_cfgable.c
mv -f .deps/curl-tool_cfgable.Tpo .deps/curl-tool_cfgable.Po
echo "  CC      " curl-tool_convert.o;gcc -DHAVE_CONFIG_H   -I../include/curl -I../include -I../include -I../lib -I../src -I../lib -I../src     -m32 -O2 -Wno-system-headers -pthread  -MT curl-tool_convert.o -MD -MP -MF .deps/curl-tool_convert.Tpo -c -o curl-tool_convert.o `test -f 'tool_convert.c' || echo './'`tool_convert.c
mv -f .deps/curl-tool_convert.Tpo .deps/curl-tool_convert.Po
echo "  CC      " curl-tool_dirhie.o;gcc -DHAVE_CONFIG_H   -I../include/curl -I../include -I../include -I../lib -I../src -I../lib -I../src     -m32 -O2 -Wno-system-headers -pthread  -MT curl-tool_dirhie.o -MD -MP -MF .deps/curl-tool_dirhie.Tpo -c -o curl-tool_dirhie.o `test -f 'tool_dirhie.c' || echo './'`tool_dirhie.c
mv -f .deps/curl-tool_dirhie.Tpo .deps/curl-tool_dirhie.Po
echo "  CC      " curl-tool_doswin.o;gcc -DHAVE_CONFIG_H   -I../include/curl -I../include -I../include -I../lib -I../src -I../lib -I../src     -m32 -O2 -Wno-system-headers -pthread  -MT curl-tool_doswin.o -MD -MP -MF .deps/curl-tool_doswin.Tpo -c -o curl-tool_doswin.o `test -f 'tool_doswin.c' || echo './'`tool_doswin.c
mv -f .deps/curl-tool_doswin.Tpo .deps/curl-tool_doswin.Po
echo "  CC      " curl-tool_easysrc.o;gcc -DHAVE_CONFIG_H   -I../include/curl -I../include -I../include -I../lib -I../src -I../lib -I../src     -m32 -O2 -Wno-system-headers -pthread  -MT curl-tool_easysrc.o -MD -MP -MF .deps/curl-tool_easysrc.Tpo -c -o curl-tool_easysrc.o `test -f 'tool_easysrc.c' || echo './'`tool_easysrc.c
mv -f .deps/curl-tool_easysrc.Tpo .deps/curl-tool_easysrc.Po
echo "  CC      " curl-tool_formparse.o;gcc -DHAVE_CONFIG_H   -I../include/curl -I../include -I../include -I../lib -I../src -I../lib -I../src     -m32 -O2 -Wno-system-headers -pthread  -MT curl-tool_formparse.o -MD -MP -MF .deps/curl-tool_formparse.Tpo -c -o curl-tool_formparse.o `test -f 'tool_formparse.c' || echo './'`tool_formparse.c
mv -f .deps/curl-tool_formparse.Tpo .deps/curl-tool_formparse.Po
echo "  CC      " curl-tool_getparam.o;gcc -DHAVE_CONFIG_H   -I../include/curl -I../include -I../include -I../lib -I../src -I../lib -I../src     -m32 -O2 -Wno-system-headers -pthread  -MT curl-tool_getparam.o -MD -MP -MF .deps/curl-tool_getparam.Tpo -c -o curl-tool_getparam.o `test -f 'tool_getparam.c' || echo './'`tool_getparam.c
mv -f .deps/curl-tool_getparam.Tpo .deps/curl-tool_getparam.Po
echo "  CC      " curl-tool_getpass.o;gcc -DHAVE_CONFIG_H   -I../include/curl -I../include -I../include -I../lib -I../src -I../lib -I../src     -m32 -O2 -Wno-system-headers -pthread  -MT curl-tool_getpass.o -MD -MP -MF .deps/curl-tool_getpass.Tpo -c -o curl-tool_getpass.o `test -f 'tool_getpass.c' || echo './'`tool_getpass.c
mv -f .deps/curl-tool_getpass.Tpo .deps/curl-tool_getpass.Po
echo "  CC      " curl-tool_help.o;gcc -DHAVE_CONFIG_H   -I../include/curl -I../include -I../include -I../lib -I../src -I../lib -I../src     -m32 -O2 -Wno-system-headers -pthread  -MT curl-tool_help.o -MD -MP -MF .deps/curl-tool_help.Tpo -c -o curl-tool_help.o `test -f 'tool_help.c' || echo './'`tool_help.c
mv -f .deps/curl-tool_help.Tpo .deps/curl-tool_help.Po
echo "  CC      " curl-tool_helpers.o;gcc -DHAVE_CONFIG_H   -I../include/curl -I../include -I../include -I../lib -I../src -I../lib -I../src     -m32 -O2 -Wno-system-headers -pthread  -MT curl-tool_helpers.o -MD -MP -MF .deps/curl-tool_helpers.Tpo -c -o curl-tool_helpers.o `test -f 'tool_helpers.c' || echo './'`tool_helpers.c
mv -f .deps/curl-tool_helpers.Tpo .deps/curl-tool_helpers.Po
echo "  CC      " curl-tool_homedir.o;gcc -DHAVE_CONFIG_H   -I../include/curl -I../include -I../include -I../lib -I../src -I../lib -I../src     -m32 -O2 -Wno-system-headers -pthread  -MT curl-tool_homedir.o -MD -MP -MF .deps/curl-tool_homedir.Tpo -c -o curl-tool_homedir.o `test -f 'tool_homedir.c' || echo './'`tool_homedir.c
mv -f .deps/curl-tool_homedir.Tpo .deps/curl-tool_homedir.Po
echo '#include "tool_setup.h"' > tool_hugehelp.c
echo '#ifndef HAVE_LIBZ' >> tool_hugehelp.c
env LC_ALL=C /usr/bin/nroff -man  ../docs/curl.1 | /usr/bin/perl ../src/mkhelp.pl ../docs/MANUAL >> tool_hugehelp.c
echo '#else' >> tool_hugehelp.c
env LC_ALL=C /usr/bin/nroff -man  ../docs/curl.1 | /usr/bin/perl ../src/mkhelp.pl -c ../docs/MANUAL >> tool_hugehelp.c
echo '#endif /* HAVE_LIBZ */' >> tool_hugehelp.c
echo "  CC      " curl-tool_hugehelp.o;gcc -DHAVE_CONFIG_H   -I../include/curl -I../include -I../include -I../lib -I../src -I../lib -I../src     -m32 -O2 -Wno-system-headers -pthread  -MT curl-tool_hugehelp.o -MD -MP -MF .deps/curl-tool_hugehelp.Tpo -c -o curl-tool_hugehelp.o `test -f 'tool_hugehelp.c' || echo './'`tool_hugehelp.c
mv -f .deps/curl-tool_hugehelp.Tpo .deps/curl-tool_hugehelp.Po
echo "  CC      " curl-tool_libinfo.o;gcc -DHAVE_CONFIG_H   -I../include/curl -I../include -I../include -I../lib -I../src -I../lib -I../src     -m32 -O2 -Wno-system-headers -pthread  -MT curl-tool_libinfo.o -MD -MP -MF .deps/curl-tool_libinfo.Tpo -c -o curl-tool_libinfo.o `test -f 'tool_libinfo.c' || echo './'`tool_libinfo.c
mv -f .deps/curl-tool_libinfo.Tpo .deps/curl-tool_libinfo.Po
echo "  CC      " curl-tool_main.o;gcc -DHAVE_CONFIG_H   -I../include/curl -I../include -I../include -I../lib -I../src -I../lib -I../src     -m32 -O2 -Wno-system-headers -pthread  -MT curl-tool_main.o -MD -MP -MF .deps/curl-tool_main.Tpo -c -o curl-tool_main.o `test -f 'tool_main.c' || echo './'`tool_main.c
mv -f .deps/curl-tool_main.Tpo .deps/curl-tool_main.Po
echo "  CC      " curl-tool_metalink.o;gcc -DHAVE_CONFIG_H   -I../include/curl -I../include -I../include -I../lib -I../src -I../lib -I../src     -m32 -O2 -Wno-system-headers -pthread  -MT curl-tool_metalink.o -MD -MP -MF .deps/curl-tool_metalink.Tpo -c -o curl-tool_metalink.o `test -f 'tool_metalink.c' || echo './'`tool_metalink.c
mv -f .deps/curl-tool_metalink.Tpo .deps/curl-tool_metalink.Po
echo "  CC      " curl-tool_mfiles.o;gcc -DHAVE_CONFIG_H   -I../include/curl -I../include -I../include -I../lib -I../src -I../lib -I../src     -m32 -O2 -Wno-system-headers -pthread  -MT curl-tool_mfiles.o -MD -MP -MF .deps/curl-tool_mfiles.Tpo -c -o curl-tool_mfiles.o `test -f 'tool_mfiles.c' || echo './'`tool_mfiles.c
mv -f .deps/curl-tool_mfiles.Tpo .deps/curl-tool_mfiles.Po
echo "  CC      " curl-tool_msgs.o;gcc -DHAVE_CONFIG_H   -I../include/curl -I../include -I../include -I../lib -I../src -I../lib -I../src     -m32 -O2 -Wno-system-headers -pthread  -MT curl-tool_msgs.o -MD -MP -MF .deps/curl-tool_msgs.Tpo -c -o curl-tool_msgs.o `test -f 'tool_msgs.c' || echo './'`tool_msgs.c
mv -f .deps/curl-tool_msgs.Tpo .deps/curl-tool_msgs.Po
echo "  CC      " curl-tool_operate.o;gcc -DHAVE_CONFIG_H   -I../include/curl -I../include -I../include -I../lib -I../src -I../lib -I../src     -m32 -O2 -Wno-system-headers -pthread  -MT curl-tool_operate.o -MD -MP -MF .deps/curl-tool_operate.Tpo -c -o curl-tool_operate.o `test -f 'tool_operate.c' || echo './'`tool_operate.c
mv -f .deps/curl-tool_operate.Tpo .deps/curl-tool_operate.Po
echo "  CC      " curl-tool_operhlp.o;gcc -DHAVE_CONFIG_H   -I../include/curl -I../include -I../include -I../lib -I../src -I../lib -I../src     -m32 -O2 -Wno-system-headers -pthread  -MT curl-tool_operhlp.o -MD -MP -MF .deps/curl-tool_operhlp.Tpo -c -o curl-tool_operhlp.o `test -f 'tool_operhlp.c' || echo './'`tool_operhlp.c
mv -f .deps/curl-tool_operhlp.Tpo .deps/curl-tool_operhlp.Po
echo "  CC      " curl-tool_panykey.o;gcc -DHAVE_CONFIG_H   -I../include/curl -I../include -I../include -I../lib -I../src -I../lib -I../src     -m32 -O2 -Wno-system-headers -pthread  -MT curl-tool_panykey.o -MD -MP -MF .deps/curl-tool_panykey.Tpo -c -o curl-tool_panykey.o `test -f 'tool_panykey.c' || echo './'`tool_panykey.c
mv -f .deps/curl-tool_panykey.Tpo .deps/curl-tool_panykey.Po
echo "  CC      " curl-tool_paramhlp.o;gcc -DHAVE_CONFIG_H   -I../include/curl -I../include -I../include -I../lib -I../src -I../lib -I../src     -m32 -O2 -Wno-system-headers -pthread  -MT curl-tool_paramhlp.o -MD -MP -MF .deps/curl-tool_paramhlp.Tpo -c -o curl-tool_paramhlp.o `test -f 'tool_paramhlp.c' || echo './'`tool_paramhlp.c
mv -f .deps/curl-tool_paramhlp.Tpo .deps/curl-tool_paramhlp.Po
echo "  CC      " curl-tool_parsecfg.o;gcc -DHAVE_CONFIG_H   -I../include/curl -I../include -I../include -I../lib -I../src -I../lib -I../src     -m32 -O2 -Wno-system-headers -pthread  -MT curl-tool_parsecfg.o -MD -MP -MF .deps/curl-tool_parsecfg.Tpo -c -o curl-tool_parsecfg.o `test -f 'tool_parsecfg.c' || echo './'`tool_parsecfg.c
mv -f .deps/curl-tool_parsecfg.Tpo .deps/curl-tool_parsecfg.Po
echo "  CC      " curl-tool_strdup.o;gcc -DHAVE_CONFIG_H   -I../include/curl -I../include -I../include -I../lib -I../src -I../lib -I../src     -m32 -O2 -Wno-system-headers -pthread  -MT curl-tool_strdup.o -MD -MP -MF .deps/curl-tool_strdup.Tpo -c -o curl-tool_strdup.o `test -f 'tool_strdup.c' || echo './'`tool_strdup.c
mv -f .deps/curl-tool_strdup.Tpo .deps/curl-tool_strdup.Po
echo "  CC      " curl-tool_setopt.o;gcc -DHAVE_CONFIG_H   -I../include/curl -I../include -I../include -I../lib -I../src -I../lib -I../src     -m32 -O2 -Wno-system-headers -pthread  -MT curl-tool_setopt.o -MD -MP -MF .deps/curl-tool_setopt.Tpo -c -o curl-tool_setopt.o `test -f 'tool_setopt.c' || echo './'`tool_setopt.c
mv -f .deps/curl-tool_setopt.Tpo .deps/curl-tool_setopt.Po
echo "  CC      " curl-tool_sleep.o;gcc -DHAVE_CONFIG_H   -I../include/curl -I../include -I../include -I../lib -I../src -I../lib -I../src     -m32 -O2 -Wno-system-headers -pthread  -MT curl-tool_sleep.o -MD -MP -MF .deps/curl-tool_sleep.Tpo -c -o curl-tool_sleep.o `test -f 'tool_sleep.c' || echo './'`tool_sleep.c
mv -f .deps/curl-tool_sleep.Tpo .deps/curl-tool_sleep.Po
echo "  CC      " curl-tool_urlglob.o;gcc -DHAVE_CONFIG_H   -I../include/curl -I../include -I../include -I../lib -I../src -I../lib -I../src     -m32 -O2 -Wno-system-headers -pthread  -MT curl-tool_urlglob.o -MD -MP -MF .deps/curl-tool_urlglob.Tpo -c -o curl-tool_urlglob.o `test -f 'tool_urlglob.c' || echo './'`tool_urlglob.c
mv -f .deps/curl-tool_urlglob.Tpo .deps/curl-tool_urlglob.Po
echo "  CC      " curl-tool_util.o;gcc -DHAVE_CONFIG_H   -I../include/curl -I../include -I../include -I../lib -I../src -I../lib -I../src     -m32 -O2 -Wno-system-headers -pthread  -MT curl-tool_util.o -MD -MP -MF .deps/curl-tool_util.Tpo -c -o curl-tool_util.o `test -f 'tool_util.c' || echo './'`tool_util.c
mv -f .deps/curl-tool_util.Tpo .deps/curl-tool_util.Po
echo "  CC      " curl-tool_vms.o;gcc -DHAVE_CONFIG_H   -I../include/curl -I../include -I../include -I../lib -I../src -I../lib -I../src     -m32 -O2 -Wno-system-headers -pthread  -MT curl-tool_vms.o -MD -MP -MF .deps/curl-tool_vms.Tpo -c -o curl-tool_vms.o `test -f 'tool_vms.c' || echo './'`tool_vms.c
mv -f .deps/curl-tool_vms.Tpo .deps/curl-tool_vms.Po
echo "  CC      " curl-tool_writeenv.o;gcc -DHAVE_CONFIG_H   -I../include/curl -I../include -I../include -I../lib -I../src -I../lib -I../src     -m32 -O2 -Wno-system-headers -pthread  -MT curl-tool_writeenv.o -MD -MP -MF .deps/curl-tool_writeenv.Tpo -c -o curl-tool_writeenv.o `test -f 'tool_writeenv.c' || echo './'`tool_writeenv.c
mv -f .deps/curl-tool_writeenv.Tpo .deps/curl-tool_writeenv.Po
echo "  CC      " curl-tool_writeout.o;gcc -DHAVE_CONFIG_H   -I../include/curl -I../include -I../include -I../lib -I../src -I../lib -I../src     -m32 -O2 -Wno-system-headers -pthread  -MT curl-tool_writeout.o -MD -MP -MF .deps/curl-tool_writeout.Tpo -c -o curl-tool_writeout.o `test -f 'tool_writeout.c' || echo './'`tool_writeout.c
mv -f .deps/curl-tool_writeout.Tpo .deps/curl-tool_writeout.Po
echo "  CC      " curl-tool_xattr.o;gcc -DHAVE_CONFIG_H   -I../include/curl -I../include -I../include -I../lib -I../src -I../lib -I../src     -m32 -O2 -Wno-system-headers -pthread  -MT curl-tool_xattr.o -MD -MP -MF .deps/curl-tool_xattr.Tpo -c -o curl-tool_xattr.o `test -f 'tool_xattr.c' || echo './'`tool_xattr.c
mv -f .deps/curl-tool_xattr.Tpo .deps/curl-tool_xattr.Po
echo "  CC      " ../lib/curl-strtoofft.o;gcc -DHAVE_CONFIG_H   -I../include/curl -I../include -I../include -I../lib -I../src -I../lib -I../src     -m32 -O2 -Wno-system-headers -pthread  -MT ../lib/curl-strtoofft.o -MD -MP -MF ../lib/.deps/curl-strtoofft.Tpo -c -o ../lib/curl-strtoofft.o `test -f '../lib/strtoofft.c' || echo './'`../lib/strtoofft.c
mv -f ../lib/.deps/curl-strtoofft.Tpo ../lib/.deps/curl-strtoofft.Po
echo "  CC      " ../lib/curl-nonblock.o;gcc -DHAVE_CONFIG_H   -I../include/curl -I../include -I../include -I../lib -I../src -I../lib -I../src     -m32 -O2 -Wno-system-headers -pthread  -MT ../lib/curl-nonblock.o -MD -MP -MF ../lib/.deps/curl-nonblock.Tpo -c -o ../lib/curl-nonblock.o `test -f '../lib/nonblock.c' || echo './'`../lib/nonblock.c
mv -f ../lib/.deps/curl-nonblock.Tpo ../lib/.deps/curl-nonblock.Po
echo "  CC      " ../lib/curl-warnless.o;gcc -DHAVE_CONFIG_H   -I../include/curl -I../include -I../include -I../lib -I../src -I../lib -I../src     -m32 -O2 -Wno-system-headers -pthread  -MT ../lib/curl-warnless.o -MD -MP -MF ../lib/.deps/curl-warnless.Tpo -c -o ../lib/curl-warnless.o `test -f '../lib/warnless.c' || echo './'`../lib/warnless.c
mv -f ../lib/.deps/curl-warnless.Tpo ../lib/.deps/curl-warnless.Po
make[2]: Verzeichnis „/home/grueni/Apps/GeoDiscoverer/Source/Platform/Target/Android/core/src/main/jni/curl-7.51.0/src“ wird verlassen
Makefile:658: die Regel für Ziel „all“ scheiterte
make[1]: Verzeichnis „/home/grueni/Apps/GeoDiscoverer/Source/Platform/Target/Android/core/src/main/jni/curl-7.51.0/src“ wird verlassen
Makefile:894: die Regel für Ziel „all-recursive“ scheiterte
