This file contains any messages produced by compilers while
running configure, to aid debugging if configure makes a mistake.

It was created by FreeType configure 2.4.2, which was
generated by GNU Autoconf 2.65.  Invocation command line was

  $ ./configure 

## --------- ##
## Platform. ##
## --------- ##

hostname = mg-notebook
uname -m = i686
uname -r = 2.6.31.12-0.2-desktop
uname -s = Linux
uname -v = #1 SMP PREEMPT 2010-03-16 21:25:39 +0100

/usr/bin/uname -p = unknown
/bin/uname -X     = unknown

/bin/arch              = i686
/usr/bin/arch -k       = unknown
/usr/convex/getsysinfo = unknown
/usr/bin/hostinfo      = unknown
/bin/machine           = unknown
/usr/bin/oslevel       = unknown
/bin/universe          = unknown

PATH: /usr/lib/mpi/gcc/openmpi/bin
PATH: /home/grueni/bin
PATH: /usr/local/bin
PATH: /usr/bin
PATH: /bin
PATH: /usr/bin/X11
PATH: /usr/X11R6/bin
PATH: /usr/games
PATH: /opt/kde3/bin
PATH: /usr/lib/mit/bin
PATH: /usr/lib/mit/sbin
PATH: /usr/lib/qt3/bin
PATH: /home/grueni/apps/android/android-ndk-r4b
PATH: /home/grueni/apps/android/android-sdk-r6/tools
PATH: /home/grueni/apps/android/android-ndk-r4b
PATH: /home/grueni/apps/android/android-sdk-r6/tools


## ----------- ##
## Core tests. ##
## ----------- ##

configure:2566: checking build system type
configure:2580: result: i686-pc-linux-gnu
configure:2600: checking host system type
configure:2613: result: i686-pc-linux-gnu
configure:2685: checking for gcc
configure:2701: found /usr/bin/gcc
configure:2712: result: gcc
configure:2941: checking for C compiler version
configure:2950: gcc --version >&5
gcc (SUSE Linux) 4.4.1 [gcc-4_4-branch revision 150839]
Copyright (C) 2009 Free Software Foundation, Inc.
This is free software; see the source for copying conditions.  There is NO
warranty; not even for MERCHANTABILITY or FITNESS FOR A PARTICULAR PURPOSE.

configure:2961: $? = 0
configure:2950: gcc -v >&5
Using built-in specs.
Target: i586-suse-linux
Configured with: ../configure --prefix=/usr --infodir=/usr/share/info --mandir=/usr/share/man --libdir=/usr/lib --libexecdir=/usr/lib --enable-languages=c,c++,objc,fortran,obj-c++,java,ada --enable-checking=release --with-gxx-include-dir=/usr/include/c++/4.4 --enable-ssp --disable-libssp --with-bugurl=http://bugs.opensuse.org/ --with-pkgversion='SUSE Linux' --disable-libgcj --disable-libmudflap --with-slibdir=/lib --with-system-zlib --enable-__cxa_atexit --enable-libstdcxx-allocator=new --disable-libstdcxx-pch --enable-version-specific-runtime-libs --program-suffix=-4.4 --enable-linux-futex --without-system-libunwind --with-arch-32=i586 --with-tune=generic --build=i586-suse-linux
Thread model: posix
gcc version 4.4.1 [gcc-4_4-branch revision 150839] (SUSE Linux) 
configure:2961: $? = 0
configure:2950: gcc -V >&5
gcc: '-V' option must have argument
configure:2961: $? = 1
configure:2950: gcc -qversion >&5
gcc: unrecognized option '-qversion'
gcc: no input files
configure:2961: $? = 1
configure:2981: checking whether the C compiler works
configure:3003: gcc    conftest.c  >&5
configure:3007: $? = 0
configure:3056: result: yes
configure:3059: checking for C compiler default output file name
configure:3061: result: a.out
configure:3067: checking for suffix of executables
configure:3074: gcc -o conftest    conftest.c  >&5
configure:3078: $? = 0
configure:3100: result: 
configure:3122: checking whether we are cross compiling
configure:3130: gcc -o conftest    conftest.c  >&5
configure:3134: $? = 0
configure:3141: ./conftest
configure:3145: $? = 0
configure:3160: result: no
configure:3165: checking for suffix of object files
configure:3187: gcc -c   conftest.c >&5
configure:3191: $? = 0
configure:3212: result: o
configure:3216: checking whether we are using the GNU C compiler
configure:3235: gcc -c   conftest.c >&5
configure:3235: $? = 0
configure:3244: result: yes
configure:3253: checking whether gcc accepts -g
configure:3273: gcc -c -g  conftest.c >&5
configure:3273: $? = 0
configure:3314: result: yes
configure:3331: checking for gcc option to accept ISO C89
configure:3395: gcc  -c -g -O2  conftest.c >&5
configure:3395: $? = 0
configure:3408: result: none needed
configure:3433: checking how to run the C preprocessor
configure:3464: gcc -E  conftest.c
configure:3464: $? = 0
configure:3478: gcc -E  conftest.c
conftest.c:9:28: error: ac_nonexistent.h: No such file or directory
configure:3478: $? = 1
configure: failed program was:
| /* confdefs.h */
| #define PACKAGE_NAME "FreeType"
| #define PACKAGE_TARNAME "freetype"
| #define PACKAGE_VERSION "2.4.2"
| #define PACKAGE_STRING "FreeType 2.4.2"
| #define PACKAGE_BUGREPORT "freetype@nongnu.org"
| #define PACKAGE_URL ""
| /* end confdefs.h.  */
| #include <ac_nonexistent.h>
configure:3503: result: gcc -E
configure:3523: gcc -E  conftest.c
configure:3523: $? = 0
configure:3537: gcc -E  conftest.c
conftest.c:9:28: error: ac_nonexistent.h: No such file or directory
configure:3537: $? = 1
configure: failed program was:
| /* confdefs.h */
| #define PACKAGE_NAME "FreeType"
| #define PACKAGE_TARNAME "freetype"
| #define PACKAGE_VERSION "2.4.2"
| #define PACKAGE_STRING "FreeType 2.4.2"
| #define PACKAGE_BUGREPORT "freetype@nongnu.org"
| #define PACKAGE_URL ""
| /* end confdefs.h.  */
| #include <ac_nonexistent.h>
configure:3753: checking for rm
configure:3769: found /bin/rm
configure:3780: result: rm -f
configure:3790: checking for rmdir
configure:3806: found /bin/rmdir
configure:3817: result: rmdir
configure:3845: checking for a BSD-compatible install
configure:3913: result: /usr/bin/install -c
configure:3936: checking for grep that handles long lines and -e
configure:3994: result: /usr/bin/grep
configure:3999: checking for egrep
configure:4061: result: /usr/bin/grep -E
configure:4066: checking for ANSI C header files
configure:4086: gcc -c -g -O2  conftest.c >&5
configure:4086: $? = 0
configure:4159: gcc -o conftest -g -O2   conftest.c  >&5
configure:4159: $? = 0
configure:4159: ./conftest
configure:4159: $? = 0
configure:4170: result: yes
configure:4183: checking for sys/types.h
configure:4183: gcc -c -g -O2  conftest.c >&5
configure:4183: $? = 0
configure:4183: result: yes
configure:4183: checking for sys/stat.h
configure:4183: gcc -c -g -O2  conftest.c >&5
configure:4183: $? = 0
configure:4183: result: yes
configure:4183: checking for stdlib.h
configure:4183: gcc -c -g -O2  conftest.c >&5
configure:4183: $? = 0
configure:4183: result: yes
configure:4183: checking for string.h
configure:4183: gcc -c -g -O2  conftest.c >&5
configure:4183: $? = 0
configure:4183: result: yes
configure:4183: checking for memory.h
configure:4183: gcc -c -g -O2  conftest.c >&5
configure:4183: $? = 0
configure:4183: result: yes
configure:4183: checking for strings.h
configure:4183: gcc -c -g -O2  conftest.c >&5
configure:4183: $? = 0
configure:4183: result: yes
configure:4183: checking for inttypes.h
configure:4183: gcc -c -g -O2  conftest.c >&5
configure:4183: $? = 0
configure:4183: result: yes
configure:4183: checking for stdint.h
configure:4183: gcc -c -g -O2  conftest.c >&5
configure:4183: $? = 0
configure:4183: result: yes
configure:4183: checking for unistd.h
configure:4183: gcc -c -g -O2  conftest.c >&5
configure:4183: $? = 0
configure:4183: result: yes
configure:4199: checking fcntl.h usability
configure:4199: gcc -c -g -O2  conftest.c >&5
configure:4199: $? = 0
configure:4199: result: yes
configure:4199: checking fcntl.h presence
configure:4199: gcc -E  conftest.c
configure:4199: $? = 0
configure:4199: result: yes
configure:4199: checking for fcntl.h
configure:4199: result: yes
configure:4199: checking for unistd.h
configure:4199: result: yes
configure:4214: checking for an ANSI C-conforming const
configure:4279: gcc -c -g -O2  conftest.c >&5
configure:4279: $? = 0
configure:4286: result: yes
configure:4298: checking size of int
configure:4303: gcc -o conftest -g -O2   conftest.c  >&5
configure:4303: $? = 0
configure:4303: ./conftest
configure:4303: $? = 0
configure:4318: result: 4
configure:4332: checking size of long
configure:4337: gcc -o conftest -g -O2   conftest.c  >&5
configure:4337: $? = 0
configure:4337: ./conftest
configure:4337: $? = 0
configure:4352: result: 4
configure:4366: checking cpp computation of bit length in ftconfig.in works
configure:4417: result: yes
configure:4446: checking for stdlib.h
configure:4446: result: yes
configure:4446: checking for unistd.h
configure:4446: result: yes
configure:4446: checking for sys/param.h
configure:4446: gcc -c -g -O2  conftest.c >&5
configure:4446: $? = 0
configure:4446: result: yes
configure:4467: checking for getpagesize
configure:4467: gcc -o conftest -g -O2   conftest.c  >&5
configure:4467: $? = 0
configure:4467: result: yes
configure:4476: checking for working mmap
configure:4622: gcc -o conftest -g -O2   conftest.c  >&5
configure:4622: $? = 0
configure:4622: ./conftest
configure:4622: $? = 0
configure:4632: result: yes
configure:4646: checking whether munmap is declared
configure:4646: gcc -c -g -O2  conftest.c >&5
configure:4646: $? = 0
configure:4646: result: yes
configure:4666: checking for munmap's first parameter type
configure:4680: gcc -c -g -O2  conftest.c >&5
configure:4680: $? = 0
configure:4681: result: void *
configure:4698: checking for memcpy
configure:4698: gcc -o conftest -g -O2   conftest.c  >&5
conftest.c:53: warning: conflicting types for built-in function 'memcpy'
configure:4698: $? = 0
configure:4698: result: yes
configure:4698: checking for memmove
configure:4698: gcc -o conftest -g -O2   conftest.c  >&5
conftest.c:54: warning: conflicting types for built-in function 'memmove'
configure:4698: $? = 0
configure:4698: result: yes
configure:4720: checking for gzsetparams in -lz
configure:4745: gcc -o conftest -g -O2   conftest.c -lz   >&5
configure:4745: $? = 0
configure:4754: result: yes
configure:4757: checking zlib.h usability
configure:4757: gcc -c -g -O2  conftest.c >&5
configure:4757: $? = 0
configure:4757: result: yes
configure:4757: checking zlib.h presence
configure:4757: gcc -E  conftest.c
configure:4757: $? = 0
configure:4757: result: yes
configure:4757: checking for zlib.h
configure:4757: result: yes
configure:5385: checking for a sed that does not truncate output
configure:5449: result: /usr/bin/sed
configure:5467: checking for fgrep
configure:5529: result: /usr/bin/grep -F
configure:5564: checking for ld used by gcc
configure:5631: result: /usr/i586-suse-linux/bin/ld
configure:5638: checking if the linker (/usr/i586-suse-linux/bin/ld) is GNU ld
configure:5653: result: yes
configure:5665: checking for BSD- or MS-compatible name lister (nm)
configure:5714: result: /usr/bin/nm -B
configure:5832: checking the name lister (/usr/bin/nm -B) interface
configure:5839: gcc -c -g -O2 -DFT_CONFIG_OPTION_SYSTEM_ZLIB  conftest.c >&5
configure:5842: /usr/bin/nm -B "conftest.o"
configure:5845: output
00000000 B some_variable
configure:5852: result: BSD nm
configure:5855: checking whether ln -s works
configure:5859: result: yes
configure:5867: checking the maximum length of command line arguments
configure:5987: result: 805306365
configure:6004: checking whether the shell understands some XSI constructs
configure:6014: result: yes
configure:6018: checking whether the shell understands "+="
configure:6024: result: yes
configure:6059: checking for /usr/i586-suse-linux/bin/ld option to reload object files
configure:6066: result: -r
configure:6135: checking for objdump
configure:6151: found /usr/bin/objdump
configure:6162: result: objdump
configure:6191: checking how to recognize dependent libraries
configure:6387: result: pass_all
configure:6447: checking for ar
configure:6463: found /usr/bin/ar
configure:6474: result: ar
configure:6552: checking for strip
configure:6568: found /usr/bin/strip
configure:6579: result: strip
configure:6651: checking for ranlib
configure:6667: found /usr/bin/ranlib
configure:6678: result: ranlib
configure:6768: checking command to parse /usr/bin/nm -B output from gcc object
configure:6886: gcc -c -g -O2 -DFT_CONFIG_OPTION_SYSTEM_ZLIB  conftest.c >&5
configure:6889: $? = 0
configure:6893: /usr/bin/nm -B conftest.o \| sed -n -e 's/^.*[	 ]\([ABCDGIRSTW][ABCDGIRSTW]*\)[	 ][	 ]*\([_A-Za-z][_A-Za-z0-9]*\)$/\1 \2 \2/p' \> conftest.nm
configure:6896: $? = 0
configure:6950: gcc -o conftest -g -O2 -DFT_CONFIG_OPTION_SYSTEM_ZLIB   -lz conftest.c conftstm.o >&5
configure:6953: $? = 0
configure:6991: result: ok
configure:7796: checking for dlfcn.h
configure:7796: gcc -c -g -O2 -DFT_CONFIG_OPTION_SYSTEM_ZLIB  conftest.c >&5
configure:7796: $? = 0
configure:7796: result: yes
configure:8278: checking for objdir
configure:8293: result: .libs
configure:8585: checking if gcc supports -fno-rtti -fno-exceptions
configure:8603: gcc -c -g -O2 -DFT_CONFIG_OPTION_SYSTEM_ZLIB  -fno-rtti -fno-exceptions conftest.c >&5
cc1: warning: command line option "-fno-rtti" is valid for C++/ObjC++ but not for C
configure:8607: $? = 0
configure:8620: result: no
configure:8640: checking for gcc option to produce PIC
configure:8912: result: -fPIC -DPIC
configure:8924: checking if gcc PIC flag -fPIC -DPIC works
configure:8942: gcc -c -g -O2 -DFT_CONFIG_OPTION_SYSTEM_ZLIB  -fPIC -DPIC -DPIC conftest.c >&5
configure:8946: $? = 0
configure:8959: result: yes
configure:8983: checking if gcc static flag -static works
configure:9011: result: no
configure:9026: checking if gcc supports -c -o file.o
configure:9047: gcc -c -g -O2 -DFT_CONFIG_OPTION_SYSTEM_ZLIB  -o out/conftest2.o conftest.c >&5
configure:9051: $? = 0
configure:9073: result: yes
configure:9081: checking if gcc supports -c -o file.o
configure:9128: result: yes
configure:9161: checking whether the gcc linker (/usr/i586-suse-linux/bin/ld) supports shared libraries
configure:10147: result: yes
configure:10184: checking whether -lc should be explicitly linked in
configure:10189: gcc -c -g -O2 -DFT_CONFIG_OPTION_SYSTEM_ZLIB  conftest.c >&5
configure:10192: $? = 0
configure:10207: gcc -shared conftest.o  -v -Wl,-soname -Wl,conftest -o conftest 2\>\&1 \| /usr/bin/grep  -lc  \>/dev/null 2\>\&1
configure:10210: $? = 0
configure:10222: result: no
configure:10386: checking dynamic linker characteristics
configure:10819: gcc -o conftest -g -O2 -DFT_CONFIG_OPTION_SYSTEM_ZLIB   -lz -Wl,-rpath -Wl,/foo conftest.c  >&5
configure:10819: $? = 0
configure:11037: result: GNU/Linux ld.so
configure:11139: checking how to hardcode library paths into programs
configure:11164: result: immediate
configure:11684: checking whether stripping libraries is possible
configure:11689: result: yes
configure:11724: checking if libtool supports shared libraries
configure:11726: result: yes
configure:11729: checking whether to build shared libraries
configure:11750: result: yes
configure:11753: checking whether to build static libraries
configure:11757: result: yes
configure:11918: creating ./config.status

## ---------------------- ##
## Running config.status. ##
## ---------------------- ##

This file was extended by FreeType config.status 2.4.2, which was
generated by GNU Autoconf 2.65.  Invocation command line was

  CONFIG_FILES    = 
  CONFIG_HEADERS  = 
  CONFIG_LINKS    = 
  CONFIG_COMMANDS = 
  $ ./config.status 

on mg-notebook

config.status:1062: creating unix-cc.mk
config.status:1062: creating unix-def.mk
config.status:1062: creating freetype-config
config.status:1062: creating freetype2.pc
config.status:1062: creating ftconfig.h
config.status:1242: executing libtool commands

## ---------------- ##
## Cache variables. ##
## ---------------- ##

ac_cv_build=i686-pc-linux-gnu
ac_cv_c_compiler_gnu=yes
ac_cv_c_const=yes
ac_cv_env_CC_set=
ac_cv_env_CC_value=
ac_cv_env_CFLAGS_set=
ac_cv_env_CFLAGS_value=
ac_cv_env_CPPFLAGS_set=
ac_cv_env_CPPFLAGS_value=
ac_cv_env_CPP_set=
ac_cv_env_CPP_value=
ac_cv_env_LDFLAGS_set=
ac_cv_env_LDFLAGS_value=
ac_cv_env_LIBS_set=
ac_cv_env_LIBS_value=
ac_cv_env_build_alias_set=
ac_cv_env_build_alias_value=
ac_cv_env_host_alias_set=
ac_cv_env_host_alias_value=
ac_cv_env_target_alias_set=
ac_cv_env_target_alias_value=
ac_cv_func_getpagesize=yes
ac_cv_func_memcpy=yes
ac_cv_func_memmove=yes
ac_cv_func_mmap_fixed_mapped=yes
ac_cv_have_decl_munmap=yes
ac_cv_header_dlfcn_h=yes
ac_cv_header_fcntl_h=yes
ac_cv_header_inttypes_h=yes
ac_cv_header_memory_h=yes
ac_cv_header_stdc=yes
ac_cv_header_stdint_h=yes
ac_cv_header_stdlib_h=yes
ac_cv_header_string_h=yes
ac_cv_header_strings_h=yes
ac_cv_header_sys_param_h=yes
ac_cv_header_sys_stat_h=yes
ac_cv_header_sys_types_h=yes
ac_cv_header_unistd_h=yes
ac_cv_header_zlib_h=yes
ac_cv_host=i686-pc-linux-gnu
ac_cv_lib_z_gzsetparams=yes
ac_cv_objext=o
ac_cv_path_EGREP='/usr/bin/grep -E'
ac_cv_path_FGREP='/usr/bin/grep -F'
ac_cv_path_GREP=/usr/bin/grep
ac_cv_path_SED=/usr/bin/sed
ac_cv_path_install='/usr/bin/install -c'
ac_cv_prog_CPP='gcc -E'
ac_cv_prog_RMDIR=rmdir
ac_cv_prog_RMF='rm -f'
ac_cv_prog_ac_ct_AR=ar
ac_cv_prog_ac_ct_CC=gcc
ac_cv_prog_ac_ct_OBJDUMP=objdump
ac_cv_prog_ac_ct_RANLIB=ranlib
ac_cv_prog_ac_ct_STRIP=strip
ac_cv_prog_cc_c89=
ac_cv_prog_cc_g=yes
ac_cv_sizeof_int=4
ac_cv_sizeof_long=4
lt_cv_deplibs_check_method=pass_all
lt_cv_file_magic_cmd='$MAGIC_CMD'
lt_cv_file_magic_test_file=
lt_cv_ld_reload_flag=-r
lt_cv_nm_interface='BSD nm'
lt_cv_objdir=.libs
lt_cv_path_LD=/usr/i586-suse-linux/bin/ld
lt_cv_path_NM='/usr/bin/nm -B'
lt_cv_prog_compiler_c_o=yes
lt_cv_prog_compiler_pic_works=yes
lt_cv_prog_compiler_rtti_exceptions=no
lt_cv_prog_compiler_static_works=no
lt_cv_prog_gnu_ld=yes
lt_cv_sys_global_symbol_pipe='sed -n -e '\''s/^.*[	 ]\([ABCDGIRSTW][ABCDGIRSTW]*\)[	 ][	 ]*\([_A-Za-z][_A-Za-z0-9]*\)$/\1 \2 \2/p'\'''
lt_cv_sys_global_symbol_to_c_name_address='sed -n -e '\''s/^: \([^ ]*\) $/  {\"\1\", (void *) 0},/p'\'' -e '\''s/^[ABCDGIRSTW]* \([^ ]*\) \([^ ]*\)$/  {"\2", (void *) \&\2},/p'\'''
lt_cv_sys_global_symbol_to_c_name_address_lib_prefix='sed -n -e '\''s/^: \([^ ]*\) $/  {\"\1\", (void *) 0},/p'\'' -e '\''s/^[ABCDGIRSTW]* \([^ ]*\) \(lib[^ ]*\)$/  {"\2", (void *) \&\2},/p'\'' -e '\''s/^[ABCDGIRSTW]* \([^ ]*\) \([^ ]*\)$/  {"lib\2", (void *) \&\2},/p'\'''
lt_cv_sys_global_symbol_to_cdecl='sed -n -e '\''s/^T .* \(.*\)$/extern int \1();/p'\'' -e '\''s/^[ABCDGIRSTW]* .* \(.*\)$/extern char \1;/p'\'''
lt_cv_sys_max_cmd_len=805306365

## ----------------- ##
## Output variables. ##
## ----------------- ##

AR='ar'
AS='as'
CC='gcc'
CC_BUILD='gcc'
CFLAGS='-g -O2 -DFT_CONFIG_OPTION_SYSTEM_ZLIB'
CPP='gcc -E'
CPPFLAGS=''
DEFS='-DHAVE_CONFIG_H'
DLLTOOL='dlltool'
DSYMUTIL=''
DUMPBIN=''
ECHO_C=''
ECHO_N='-n'
ECHO_T=''
EGREP='/usr/bin/grep -E'
EXEEXT=''
EXEEXT_BUILD=''
FGREP='/usr/bin/grep -F'
FT2_EXTRA_LIBS=''
FTSYS_SRC='$(BUILD_DIR)/ftsystem.c'
GREP='/usr/bin/grep'
INSTALL_DATA='${INSTALL} -m 644'
INSTALL_PROGRAM='${INSTALL}'
INSTALL_SCRIPT='${INSTALL}'
LD='/usr/i586-suse-linux/bin/ld'
LDFLAGS=' -lz'
LIBOBJS=''
LIBS=''
LIBTOOL='$(SHELL) $(top_builddir)/libtool'
LIBZ='-lz'
LIPO=''
LN_S='ln -s'
LTLIBOBJS=''
NM='/usr/bin/nm -B'
NMEDIT=''
OBJDUMP='objdump'
OBJEXT='o'
OTOOL64=''
OTOOL=''
PACKAGE_BUGREPORT='freetype@nongnu.org'
PACKAGE_NAME='FreeType'
PACKAGE_STRING='FreeType 2.4.2'
PACKAGE_TARNAME='freetype'
PACKAGE_URL=''
PACKAGE_VERSION='2.4.2'
PATH_SEPARATOR=':'
RANLIB='ranlib'
RMDIR='rmdir'
RMF='rm -f'
SED='/usr/bin/sed'
SHELL='/bin/sh'
STRIP='strip'
SYSTEM_ZLIB='yes'
XX_ANSIFLAGS='-pedantic -ansi'
XX_CFLAGS='-Wall'
ac_ct_CC='gcc'
ac_ct_DUMPBIN=''
bindir='${exec_prefix}/bin'
build='i686-pc-linux-gnu'
build_alias=''
build_cpu='i686'
build_libtool_libs=''
build_os='linux-gnu'
build_vendor='pc'
datadir='${datarootdir}'
datarootdir='${prefix}/share'
docdir='${datarootdir}/doc/${PACKAGE_TARNAME}'
dvidir='${docdir}'
exec_prefix='${prefix}'
ft_version='12.0.6'
ftmac_c=''
hardcode_libdir_flag_spec='${wl}-rpath ${wl}$libdir'
host='i686-pc-linux-gnu'
host_alias=''
host_cpu='i686'
host_os='linux-gnu'
host_vendor='pc'
htmldir='${docdir}'
includedir='${prefix}/include'
infodir='${datarootdir}/info'
libdir='${exec_prefix}/lib'
libexecdir='${exec_prefix}/libexec'
localedir='${datarootdir}/locale'
localstatedir='${prefix}/var'
lt_ECHO='echo'
mandir='${datarootdir}/man'
oldincludedir='/usr/include'
pdfdir='${docdir}'
prefix='/usr/local'
program_transform_name='s,x,x,'
psdir='${docdir}'
sbindir='${exec_prefix}/sbin'
sharedstatedir='${prefix}/com'
sysconfdir='${prefix}/etc'
target_alias=''
version_info='12:0:6'
wl='-Wl,'

## ----------- ##
## confdefs.h. ##
## ----------- ##

/* confdefs.h */
#define PACKAGE_NAME "FreeType"
#define PACKAGE_TARNAME "freetype"
#define PACKAGE_VERSION "2.4.2"
#define PACKAGE_STRING "FreeType 2.4.2"
#define PACKAGE_BUGREPORT "freetype@nongnu.org"
#define PACKAGE_URL ""
#define STDC_HEADERS 1
#define HAVE_SYS_TYPES_H 1
#define HAVE_SYS_STAT_H 1
#define HAVE_STDLIB_H 1
#define HAVE_STRING_H 1
#define HAVE_MEMORY_H 1
#define HAVE_STRINGS_H 1
#define HAVE_INTTYPES_H 1
#define HAVE_STDINT_H 1
#define HAVE_UNISTD_H 1
#define HAVE_FCNTL_H 1
#define HAVE_UNISTD_H 1
#define SIZEOF_INT 4
#define SIZEOF_LONG 4
#define HAVE_STDLIB_H 1
#define HAVE_UNISTD_H 1
#define HAVE_SYS_PARAM_H 1
#define HAVE_GETPAGESIZE 1
#define HAVE_MMAP 1
#define HAVE_DECL_MUNMAP 1
#define MUNMAP_USES_VOIDP /**/
#define HAVE_MEMCPY 1
#define HAVE_MEMMOVE 1
#define HAVE_DLFCN_H 1
#define LT_OBJDIR ".libs/"

configure: exit 0
